{"/Users/bongkyunpark/workspace/tester/.nyc_output/js/www.jobstates.net-1.js":{"path":"/Users/bongkyunpark/workspace/tester/.nyc_output/js/www.jobstates.net-1.js","statementMap":{"0":{"start":{"line":1,"column":0},"end":{"line":1,"column":21}}},"s":{"0":1},"branchMap":{"0":{"type":"branch","loc":{"start":{"line":1,"column":0},"end":{"line":1,"column":21}},"locations":[{"start":{"line":1,"column":0},"end":{"line":1,"column":21}}]}},"b":{"0":[1]},"fnMap":{},"f":{}},"/Users/bongkyunpark/workspace/tester/.nyc_output/js/www.jobstates.net-2.js":{"path":"/Users/bongkyunpark/workspace/tester/.nyc_output/js/www.jobstates.net-2.js","statementMap":{"0":{"start":{"line":1,"column":0},"end":{"line":1,"column":21}}},"s":{"0":1},"branchMap":{"0":{"type":"branch","loc":{"start":{"line":1,"column":0},"end":{"line":1,"column":21}},"locations":[{"start":{"line":1,"column":0},"end":{"line":1,"column":21}}]}},"b":{"0":[1]},"fnMap":{},"f":{}},"/Users/bongkyunpark/workspace/tester/.nyc_output/js/www.jobstates.net-3.js":{"path":"/Users/bongkyunpark/workspace/tester/.nyc_output/js/www.jobstates.net-3.js","statementMap":{"0":{"start":{"line":1,"column":0},"end":{"line":1,"column":21}}},"s":{"0":1},"branchMap":{"0":{"type":"branch","loc":{"start":{"line":1,"column":0},"end":{"line":1,"column":21}},"locations":[{"start":{"line":1,"column":0},"end":{"line":1,"column":21}}]}},"b":{"0":[1]},"fnMap":{},"f":{}},"/Users/bongkyunpark/workspace/tester/.nyc_output/js/www.jobstates.net-4.js":{"path":"/Users/bongkyunpark/workspace/tester/.nyc_output/js/www.jobstates.net-4.js","statementMap":{"0":{"start":{"line":1,"column":0},"end":{"line":1,"column":1449}}},"s":{"0":0},"branchMap":{"0":{"type":"branch","loc":{"start":{"line":1,"column":0},"end":{"line":1,"column":95}},"locations":[{"start":{"line":1,"column":0},"end":{"line":1,"column":95}}]},"1":{"type":"branch","loc":{"start":{"line":1,"column":112},"end":{"line":1,"column":208}},"locations":[{"start":{"line":1,"column":112},"end":{"line":1,"column":208}}]},"2":{"type":"branch","loc":{"start":{"line":1,"column":220},"end":{"line":1,"column":355}},"locations":[{"start":{"line":1,"column":220},"end":{"line":1,"column":355}}]},"3":{"type":"branch","loc":{"start":{"line":1,"column":363},"end":{"line":1,"column":835}},"locations":[{"start":{"line":1,"column":363},"end":{"line":1,"column":835}}]},"4":{"type":"branch","loc":{"start":{"line":1,"column":1122},"end":{"line":1,"column":1425}},"locations":[{"start":{"line":1,"column":1122},"end":{"line":1,"column":1425}}]},"5":{"type":"branch","loc":{"start":{"line":1,"column":1433},"end":{"line":1,"column":1449}},"locations":[{"start":{"line":1,"column":1433},"end":{"line":1,"column":1449}}]}},"b":{"0":[1],"1":[1],"2":[1],"3":[1],"4":[1],"5":[1]},"fnMap":{},"f":{}},"/Users/bongkyunpark/workspace/tester/.nyc_output/js/1.fb7515df.chunk-5.js":{"path":"/Users/bongkyunpark/workspace/tester/.nyc_output/js/1.fb7515df.chunk-5.js","statementMap":{"0":{"start":{"line":1,"column":0},"end":{"line":1,"column":803865}},"1":{"start":{"line":2,"column":0},"end":{"line":2,"column":44}}},"s":{"0":0,"1":1},"branchMap":{"0":{"type":"branch","loc":{"start":{"line":1,"column":0},"end":{"line":1,"column":40}},"locations":[{"start":{"line":1,"column":0},"end":{"line":1,"column":40}}]},"1":{"type":"branch","loc":{"start":{"line":1,"column":44},"end":{"line":1,"column":164}},"locations":[{"start":{"line":1,"column":44},"end":{"line":1,"column":164}}]},"2":{"type":"branch","loc":{"start":{"line":1,"column":285},"end":{"line":1,"column":340}},"locations":[{"start":{"line":1,"column":285},"end":{"line":1,"column":340}}]},"3":{"type":"branch","loc":{"start":{"line":1,"column":419},"end":{"line":1,"column":445}},"locations":[{"start":{"line":1,"column":419},"end":{"line":1,"column":445}}]},"4":{"type":"branch","loc":{"start":{"line":1,"column":663},"end":{"line":1,"column":747}},"locations":[{"start":{"line":1,"column":663},"end":{"line":1,"column":747}}]},"5":{"type":"branch","loc":{"start":{"line":1,"column":1037},"end":{"line":1,"column":1096}},"locations":[{"start":{"line":1,"column":1037},"end":{"line":1,"column":1096}}]},"6":{"type":"branch","loc":{"start":{"line":1,"column":1157},"end":{"line":1,"column":1226}},"locations":[{"start":{"line":1,"column":1157},"end":{"line":1,"column":1226}}]},"7":{"type":"branch","loc":{"start":{"line":1,"column":1246},"end":{"line":1,"column":1267}},"locations":[{"start":{"line":1,"column":1246},"end":{"line":1,"column":1267}}]},"8":{"type":"branch","loc":{"start":{"line":1,"column":1287},"end":{"line":1,"column":1303}},"locations":[{"start":{"line":1,"column":1287},"end":{"line":1,"column":1303}}]},"9":{"type":"branch","loc":{"start":{"line":1,"column":1323},"end":{"line":1,"column":1373}},"locations":[{"start":{"line":1,"column":1323},"end":{"line":1,"column":1373}}]},"10":{"type":"branch","loc":{"start":{"line":1,"column":1430},"end":{"line":1,"column":1433}},"locations":[{"start":{"line":1,"column":1430},"end":{"line":1,"column":1433}}]},"11":{"type":"branch","loc":{"start":{"line":1,"column":1490},"end":{"line":1,"column":1493}},"locations":[{"start":{"line":1,"column":1490},"end":{"line":1,"column":1493}}]},"12":{"type":"branch","loc":{"start":{"line":1,"column":1565},"end":{"line":1,"column":1576}},"locations":[{"start":{"line":1,"column":1565},"end":{"line":1,"column":1576}}]},"13":{"type":"branch","loc":{"start":{"line":1,"column":1596},"end":{"line":1,"column":1726}},"locations":[{"start":{"line":1,"column":1596},"end":{"line":1,"column":1726}}]},"14":{"type":"branch","loc":{"start":{"line":1,"column":1746},"end":{"line":1,"column":1760}},"locations":[{"start":{"line":1,"column":1746},"end":{"line":1,"column":1760}}]},"15":{"type":"branch","loc":{"start":{"line":1,"column":2095},"end":{"line":1,"column":2163}},"locations":[{"start":{"line":1,"column":2095},"end":{"line":1,"column":2163}}]},"16":{"type":"branch","loc":{"start":{"line":1,"column":2219},"end":{"line":1,"column":2494}},"locations":[{"start":{"line":1,"column":2219},"end":{"line":1,"column":2494}}]},"17":{"type":"branch","loc":{"start":{"line":1,"column":2502},"end":{"line":1,"column":2633}},"locations":[{"start":{"line":1,"column":2502},"end":{"line":1,"column":2633}}]},"18":{"type":"branch","loc":{"start":{"line":1,"column":2691},"end":{"line":1,"column":2758}},"locations":[{"start":{"line":1,"column":2691},"end":{"line":1,"column":2758}}]},"19":{"type":"branch","loc":{"start":{"line":1,"column":3210},"end":{"line":1,"column":3234}},"locations":[{"start":{"line":1,"column":3210},"end":{"line":1,"column":3234}}]},"20":{"type":"branch","loc":{"start":{"line":1,"column":3274},"end":{"line":1,"column":3301}},"locations":[{"start":{"line":1,"column":3274},"end":{"line":1,"column":3301}}]},"21":{"type":"branch","loc":{"start":{"line":1,"column":3387},"end":{"line":1,"column":3399}},"locations":[{"start":{"line":1,"column":3387},"end":{"line":1,"column":3399}}]},"22":{"type":"branch","loc":{"start":{"line":1,"column":3401},"end":{"line":1,"column":3510}},"locations":[{"start":{"line":1,"column":3401},"end":{"line":1,"column":3510}}]},"23":{"type":"branch","loc":{"start":{"line":1,"column":3549},"end":{"line":1,"column":3596}},"locations":[{"start":{"line":1,"column":3549},"end":{"line":1,"column":3596}}]},"24":{"type":"branch","loc":{"start":{"line":1,"column":3681},"end":{"line":1,"column":3832}},"locations":[{"start":{"line":1,"column":3681},"end":{"line":1,"column":3832}}]},"25":{"type":"branch","loc":{"start":{"line":1,"column":3972},"end":{"line":1,"column":4044}},"locations":[{"start":{"line":1,"column":3972},"end":{"line":1,"column":4044}}]},"26":{"type":"branch","loc":{"start":{"line":1,"column":4100},"end":{"line":1,"column":4127}},"locations":[{"start":{"line":1,"column":4100},"end":{"line":1,"column":4127}}]},"27":{"type":"branch","loc":{"start":{"line":1,"column":4154},"end":{"line":1,"column":4390}},"locations":[{"start":{"line":1,"column":4154},"end":{"line":1,"column":4390}}]},"28":{"type":"branch","loc":{"start":{"line":1,"column":4398},"end":{"line":1,"column":4448}},"locations":[{"start":{"line":1,"column":4398},"end":{"line":1,"column":4448}}]},"29":{"type":"branch","loc":{"start":{"line":1,"column":4518},"end":{"line":1,"column":4597}},"locations":[{"start":{"line":1,"column":4518},"end":{"line":1,"column":4597}}]},"30":{"type":"branch","loc":{"start":{"line":1,"column":4682},"end":{"line":1,"column":4817}},"locations":[{"start":{"line":1,"column":4682},"end":{"line":1,"column":4817}}]},"31":{"type":"branch","loc":{"start":{"line":1,"column":4938},"end":{"line":1,"column":4959}},"locations":[{"start":{"line":1,"column":4938},"end":{"line":1,"column":4959}}]},"32":{"type":"branch","loc":{"start":{"line":1,"column":5130},"end":{"line":1,"column":5193}},"locations":[{"start":{"line":1,"column":5130},"end":{"line":1,"column":5193}}]},"33":{"type":"branch","loc":{"start":{"line":1,"column":5313},"end":{"line":1,"column":5323}},"locations":[{"start":{"line":1,"column":5313},"end":{"line":1,"column":5323}}]},"34":{"type":"branch","loc":{"start":{"line":1,"column":5343},"end":{"line":1,"column":5383}},"locations":[{"start":{"line":1,"column":5343},"end":{"line":1,"column":5383}}]},"35":{"type":"branch","loc":{"start":{"line":1,"column":5706},"end":{"line":1,"column":6285}},"locations":[{"start":{"line":1,"column":5706},"end":{"line":1,"column":6285}}]},"36":{"type":"branch","loc":{"start":{"line":1,"column":6427},"end":{"line":1,"column":6490}},"locations":[{"start":{"line":1,"column":6427},"end":{"line":1,"column":6490}}]},"37":{"type":"branch","loc":{"start":{"line":1,"column":6502},"end":{"line":1,"column":6803}},"locations":[{"start":{"line":1,"column":6502},"end":{"line":1,"column":6803}}]},"38":{"type":"branch","loc":{"start":{"line":1,"column":6863},"end":{"line":1,"column":7128}},"locations":[{"start":{"line":1,"column":6863},"end":{"line":1,"column":7128}}]},"39":{"type":"branch","loc":{"start":{"line":1,"column":7257},"end":{"line":1,"column":7326}},"locations":[{"start":{"line":1,"column":7257},"end":{"line":1,"column":7326}}]},"40":{"type":"branch","loc":{"start":{"line":1,"column":7380},"end":{"line":1,"column":7454}},"locations":[{"start":{"line":1,"column":7380},"end":{"line":1,"column":7454}}]},"41":{"type":"branch","loc":{"start":{"line":1,"column":7489},"end":{"line":1,"column":7536}},"locations":[{"start":{"line":1,"column":7489},"end":{"line":1,"column":7536}}]},"42":{"type":"branch","loc":{"start":{"line":1,"column":7625},"end":{"line":1,"column":7808}},"locations":[{"start":{"line":1,"column":7625},"end":{"line":1,"column":7808}}]},"43":{"type":"branch","loc":{"start":{"line":1,"column":7815},"end":{"line":1,"column":7820}},"locations":[{"start":{"line":1,"column":7815},"end":{"line":1,"column":7820}}]},"44":{"type":"branch","loc":{"start":{"line":1,"column":8330},"end":{"line":1,"column":9772}},"locations":[{"start":{"line":1,"column":8330},"end":{"line":1,"column":9772}}]},"45":{"type":"branch","loc":{"start":{"line":1,"column":9858},"end":{"line":1,"column":9902}},"locations":[{"start":{"line":1,"column":9858},"end":{"line":1,"column":9902}}]},"46":{"type":"branch","loc":{"start":{"line":1,"column":10050},"end":{"line":1,"column":10101}},"locations":[{"start":{"line":1,"column":10050},"end":{"line":1,"column":10101}}]},"47":{"type":"branch","loc":{"start":{"line":1,"column":10110},"end":{"line":1,"column":10272}},"locations":[{"start":{"line":1,"column":10110},"end":{"line":1,"column":10272}}]},"48":{"type":"branch","loc":{"start":{"line":1,"column":10284},"end":{"line":1,"column":10451}},"locations":[{"start":{"line":1,"column":10284},"end":{"line":1,"column":10451}}]},"49":{"type":"branch","loc":{"start":{"line":1,"column":10518},"end":{"line":1,"column":10538}},"locations":[{"start":{"line":1,"column":10518},"end":{"line":1,"column":10538}}]},"50":{"type":"branch","loc":{"start":{"line":1,"column":10573},"end":{"line":1,"column":10589}},"locations":[{"start":{"line":1,"column":10573},"end":{"line":1,"column":10589}}]},"51":{"type":"branch","loc":{"start":{"line":1,"column":10633},"end":{"line":1,"column":10710}},"locations":[{"start":{"line":1,"column":10633},"end":{"line":1,"column":10710}}]},"52":{"type":"branch","loc":{"start":{"line":1,"column":10758},"end":{"line":1,"column":10853}},"locations":[{"start":{"line":1,"column":10758},"end":{"line":1,"column":10853}}]},"53":{"type":"branch","loc":{"start":{"line":1,"column":10872},"end":{"line":1,"column":10880}},"locations":[{"start":{"line":1,"column":10872},"end":{"line":1,"column":10880}}]},"54":{"type":"branch","loc":{"start":{"line":1,"column":10931},"end":{"line":1,"column":10936}},"locations":[{"start":{"line":1,"column":10931},"end":{"line":1,"column":10936}}]},"55":{"type":"branch","loc":{"start":{"line":1,"column":10956},"end":{"line":1,"column":10967}},"locations":[{"start":{"line":1,"column":10956},"end":{"line":1,"column":10967}}]},"56":{"type":"branch","loc":{"start":{"line":1,"column":11101},"end":{"line":1,"column":11125}},"locations":[{"start":{"line":1,"column":11101},"end":{"line":1,"column":11125}}]},"57":{"type":"branch","loc":{"start":{"line":1,"column":11237},"end":{"line":1,"column":11252}},"locations":[{"start":{"line":1,"column":11237},"end":{"line":1,"column":11252}}]},"58":{"type":"branch","loc":{"start":{"line":1,"column":11266},"end":{"line":1,"column":11300}},"locations":[{"start":{"line":1,"column":11266},"end":{"line":1,"column":11300}}]},"59":{"type":"branch","loc":{"start":{"line":1,"column":11308},"end":{"line":1,"column":11348}},"locations":[{"start":{"line":1,"column":11308},"end":{"line":1,"column":11348}}]},"60":{"type":"branch","loc":{"start":{"line":1,"column":11392},"end":{"line":1,"column":11422}},"locations":[{"start":{"line":1,"column":11392},"end":{"line":1,"column":11422}}]},"61":{"type":"branch","loc":{"start":{"line":1,"column":11440},"end":{"line":1,"column":11482}},"locations":[{"start":{"line":1,"column":11440},"end":{"line":1,"column":11482}}]},"62":{"type":"branch","loc":{"start":{"line":1,"column":11484},"end":{"line":1,"column":11563}},"locations":[{"start":{"line":1,"column":11484},"end":{"line":1,"column":11563}}]},"63":{"type":"branch","loc":{"start":{"line":1,"column":11565},"end":{"line":1,"column":11590}},"locations":[{"start":{"line":1,"column":11565},"end":{"line":1,"column":11590}}]},"64":{"type":"branch","loc":{"start":{"line":1,"column":11593},"end":{"line":1,"column":11949}},"locations":[{"start":{"line":1,"column":11593},"end":{"line":1,"column":11949}}]},"65":{"type":"branch","loc":{"start":{"line":1,"column":11962},"end":{"line":1,"column":12642}},"locations":[{"start":{"line":1,"column":11962},"end":{"line":1,"column":12642}}]},"66":{"type":"branch","loc":{"start":{"line":1,"column":12647},"end":{"line":1,"column":12837}},"locations":[{"start":{"line":1,"column":12647},"end":{"line":1,"column":12837}}]},"67":{"type":"branch","loc":{"start":{"line":1,"column":12857},"end":{"line":1,"column":12888}},"locations":[{"start":{"line":1,"column":12857},"end":{"line":1,"column":12888}}]},"68":{"type":"branch","loc":{"start":{"line":1,"column":12921},"end":{"line":1,"column":12946}},"locations":[{"start":{"line":1,"column":12921},"end":{"line":1,"column":12946}}]},"69":{"type":"branch","loc":{"start":{"line":1,"column":13000},"end":{"line":1,"column":13024}},"locations":[{"start":{"line":1,"column":13000},"end":{"line":1,"column":13024}}]},"70":{"type":"branch","loc":{"start":{"line":1,"column":13211},"end":{"line":1,"column":13233}},"locations":[{"start":{"line":1,"column":13211},"end":{"line":1,"column":13233}}]},"71":{"type":"branch","loc":{"start":{"line":1,"column":13396},"end":{"line":1,"column":13418}},"locations":[{"start":{"line":1,"column":13396},"end":{"line":1,"column":13418}}]},"72":{"type":"branch","loc":{"start":{"line":1,"column":13453},"end":{"line":1,"column":13666}},"locations":[{"start":{"line":1,"column":13453},"end":{"line":1,"column":13666}}]},"73":{"type":"branch","loc":{"start":{"line":1,"column":13712},"end":{"line":1,"column":13827}},"locations":[{"start":{"line":1,"column":13712},"end":{"line":1,"column":13827}}]},"74":{"type":"branch","loc":{"start":{"line":1,"column":13838},"end":{"line":1,"column":14023}},"locations":[{"start":{"line":1,"column":13838},"end":{"line":1,"column":14023}}]},"75":{"type":"branch","loc":{"start":{"line":1,"column":14209},"end":{"line":1,"column":14249}},"locations":[{"start":{"line":1,"column":14209},"end":{"line":1,"column":14249}}]},"76":{"type":"branch","loc":{"start":{"line":1,"column":14315},"end":{"line":1,"column":14331}},"locations":[{"start":{"line":1,"column":14315},"end":{"line":1,"column":14331}}]},"77":{"type":"branch","loc":{"start":{"line":1,"column":14410},"end":{"line":1,"column":14466}},"locations":[{"start":{"line":1,"column":14410},"end":{"line":1,"column":14466}}]},"78":{"type":"branch","loc":{"start":{"line":1,"column":14486},"end":{"line":1,"column":14497}},"locations":[{"start":{"line":1,"column":14486},"end":{"line":1,"column":14497}}]},"79":{"type":"branch","loc":{"start":{"line":1,"column":14552},"end":{"line":1,"column":14554}},"locations":[{"start":{"line":1,"column":14552},"end":{"line":1,"column":14554}}]},"80":{"type":"branch","loc":{"start":{"line":1,"column":14581},"end":{"line":1,"column":14596}},"locations":[{"start":{"line":1,"column":14581},"end":{"line":1,"column":14596}}]},"81":{"type":"branch","loc":{"start":{"line":1,"column":14641},"end":{"line":1,"column":14723}},"locations":[{"start":{"line":1,"column":14641},"end":{"line":1,"column":14723}}]},"82":{"type":"branch","loc":{"start":{"line":1,"column":14737},"end":{"line":1,"column":14995}},"locations":[{"start":{"line":1,"column":14737},"end":{"line":1,"column":14995}}]},"83":{"type":"branch","loc":{"start":{"line":1,"column":15013},"end":{"line":1,"column":15019}},"locations":[{"start":{"line":1,"column":15013},"end":{"line":1,"column":15019}}]},"84":{"type":"branch","loc":{"start":{"line":1,"column":15026},"end":{"line":1,"column":15126}},"locations":[{"start":{"line":1,"column":15026},"end":{"line":1,"column":15126}}]},"85":{"type":"branch","loc":{"start":{"line":1,"column":15135},"end":{"line":1,"column":15196}},"locations":[{"start":{"line":1,"column":15135},"end":{"line":1,"column":15196}}]},"86":{"type":"branch","loc":{"start":{"line":1,"column":15205},"end":{"line":1,"column":15272}},"locations":[{"start":{"line":1,"column":15205},"end":{"line":1,"column":15272}}]},"87":{"type":"branch","loc":{"start":{"line":1,"column":15281},"end":{"line":1,"column":15482}},"locations":[{"start":{"line":1,"column":15281},"end":{"line":1,"column":15482}}]},"88":{"type":"branch","loc":{"start":{"line":1,"column":15511},"end":{"line":1,"column":15795}},"locations":[{"start":{"line":1,"column":15511},"end":{"line":1,"column":15795}}]},"89":{"type":"branch","loc":{"start":{"line":1,"column":15847},"end":{"line":1,"column":15905}},"locations":[{"start":{"line":1,"column":15847},"end":{"line":1,"column":15905}}]},"90":{"type":"branch","loc":{"start":{"line":1,"column":15912},"end":{"line":1,"column":15941}},"locations":[{"start":{"line":1,"column":15912},"end":{"line":1,"column":15941}}]},"91":{"type":"branch","loc":{"start":{"line":1,"column":15976},"end":{"line":1,"column":16120}},"locations":[{"start":{"line":1,"column":15976},"end":{"line":1,"column":16120}}]},"92":{"type":"branch","loc":{"start":{"line":1,"column":16127},"end":{"line":1,"column":16227}},"locations":[{"start":{"line":1,"column":16127},"end":{"line":1,"column":16227}}]},"93":{"type":"branch","loc":{"start":{"line":1,"column":16448},"end":{"line":1,"column":16469}},"locations":[{"start":{"line":1,"column":16448},"end":{"line":1,"column":16469}}]},"94":{"type":"branch","loc":{"start":{"line":1,"column":16476},"end":{"line":1,"column":16500}},"locations":[{"start":{"line":1,"column":16476},"end":{"line":1,"column":16500}}]},"95":{"type":"branch","loc":{"start":{"line":1,"column":16568},"end":{"line":1,"column":16728}},"locations":[{"start":{"line":1,"column":16568},"end":{"line":1,"column":16728}}]},"96":{"type":"branch","loc":{"start":{"line":1,"column":16785},"end":{"line":1,"column":16787}},"locations":[{"start":{"line":1,"column":16785},"end":{"line":1,"column":16787}}]},"97":{"type":"branch","loc":{"start":{"line":1,"column":16864},"end":{"line":1,"column":16913}},"locations":[{"start":{"line":1,"column":16864},"end":{"line":1,"column":16913}}]},"98":{"type":"branch","loc":{"start":{"line":1,"column":16927},"end":{"line":1,"column":16932}},"locations":[{"start":{"line":1,"column":16927},"end":{"line":1,"column":16932}}]},"99":{"type":"branch","loc":{"start":{"line":1,"column":16934},"end":{"line":1,"column":17220}},"locations":[{"start":{"line":1,"column":16934},"end":{"line":1,"column":17220}}]},"100":{"type":"branch","loc":{"start":{"line":1,"column":17222},"end":{"line":1,"column":17319}},"locations":[{"start":{"line":1,"column":17222},"end":{"line":1,"column":17319}}]},"101":{"type":"branch","loc":{"start":{"line":1,"column":17460},"end":{"line":1,"column":17527}},"locations":[{"start":{"line":1,"column":17460},"end":{"line":1,"column":17527}}]},"102":{"type":"branch","loc":{"start":{"line":1,"column":17529},"end":{"line":1,"column":17559}},"locations":[{"start":{"line":1,"column":17529},"end":{"line":1,"column":17559}}]},"103":{"type":"branch","loc":{"start":{"line":1,"column":17561},"end":{"line":1,"column":17605}},"locations":[{"start":{"line":1,"column":17561},"end":{"line":1,"column":17605}}]},"104":{"type":"branch","loc":{"start":{"line":1,"column":17607},"end":{"line":1,"column":17654}},"locations":[{"start":{"line":1,"column":17607},"end":{"line":1,"column":17654}}]},"105":{"type":"branch","loc":{"start":{"line":1,"column":17656},"end":{"line":1,"column":17695}},"locations":[{"start":{"line":1,"column":17656},"end":{"line":1,"column":17695}}]},"106":{"type":"branch","loc":{"start":{"line":1,"column":17697},"end":{"line":1,"column":17732}},"locations":[{"start":{"line":1,"column":17697},"end":{"line":1,"column":17732}}]},"107":{"type":"branch","loc":{"start":{"line":1,"column":17734},"end":{"line":1,"column":17808}},"locations":[{"start":{"line":1,"column":17734},"end":{"line":1,"column":17808}}]},"108":{"type":"branch","loc":{"start":{"line":1,"column":17811},"end":{"line":1,"column":17845}},"locations":[{"start":{"line":1,"column":17811},"end":{"line":1,"column":17845}}]},"109":{"type":"branch","loc":{"start":{"line":1,"column":17847},"end":{"line":1,"column":17883}},"locations":[{"start":{"line":1,"column":17847},"end":{"line":1,"column":17883}}]},"110":{"type":"branch","loc":{"start":{"line":1,"column":17885},"end":{"line":1,"column":17923}},"locations":[{"start":{"line":1,"column":17885},"end":{"line":1,"column":17923}}]},"111":{"type":"branch","loc":{"start":{"line":1,"column":17925},"end":{"line":1,"column":17964}},"locations":[{"start":{"line":1,"column":17925},"end":{"line":1,"column":17964}}]},"112":{"type":"branch","loc":{"start":{"line":1,"column":17966},"end":{"line":1,"column":18484}},"locations":[{"start":{"line":1,"column":17966},"end":{"line":1,"column":18484}}]},"113":{"type":"branch","loc":{"start":{"line":1,"column":18504},"end":{"line":1,"column":18530}},"locations":[{"start":{"line":1,"column":18504},"end":{"line":1,"column":18530}}]},"114":{"type":"branch","loc":{"start":{"line":1,"column":18550},"end":{"line":1,"column":19127}},"locations":[{"start":{"line":1,"column":18550},"end":{"line":1,"column":19127}}]},"115":{"type":"branch","loc":{"start":{"line":1,"column":19241},"end":{"line":1,"column":19279}},"locations":[{"start":{"line":1,"column":19241},"end":{"line":1,"column":19279}}]},"116":{"type":"branch","loc":{"start":{"line":1,"column":19335},"end":{"line":1,"column":19464}},"locations":[{"start":{"line":1,"column":19335},"end":{"line":1,"column":19464}}]},"117":{"type":"branch","loc":{"start":{"line":1,"column":19481},"end":{"line":1,"column":19547}},"locations":[{"start":{"line":1,"column":19481},"end":{"line":1,"column":19547}}]},"118":{"type":"branch","loc":{"start":{"line":1,"column":19565},"end":{"line":1,"column":19597}},"locations":[{"start":{"line":1,"column":19565},"end":{"line":1,"column":19597}}]},"119":{"type":"branch","loc":{"start":{"line":1,"column":19745},"end":{"line":1,"column":19786}},"locations":[{"start":{"line":1,"column":19745},"end":{"line":1,"column":19786}}]},"120":{"type":"branch","loc":{"start":{"line":1,"column":19886},"end":{"line":1,"column":20046}},"locations":[{"start":{"line":1,"column":19886},"end":{"line":1,"column":20046}}]},"121":{"type":"branch","loc":{"start":{"line":1,"column":20060},"end":{"line":1,"column":20103}},"locations":[{"start":{"line":1,"column":20060},"end":{"line":1,"column":20103}}]},"122":{"type":"branch","loc":{"start":{"line":1,"column":20175},"end":{"line":1,"column":20207}},"locations":[{"start":{"line":1,"column":20175},"end":{"line":1,"column":20207}}]},"123":{"type":"branch","loc":{"start":{"line":1,"column":20293},"end":{"line":1,"column":20301}},"locations":[{"start":{"line":1,"column":20293},"end":{"line":1,"column":20301}}]},"124":{"type":"branch","loc":{"start":{"line":1,"column":20345},"end":{"line":1,"column":20347}},"locations":[{"start":{"line":1,"column":20345},"end":{"line":1,"column":20347}}]},"125":{"type":"branch","loc":{"start":{"line":1,"column":20349},"end":{"line":1,"column":20405}},"locations":[{"start":{"line":1,"column":20349},"end":{"line":1,"column":20405}}]},"126":{"type":"branch","loc":{"start":{"line":1,"column":20417},"end":{"line":1,"column":20565}},"locations":[{"start":{"line":1,"column":20417},"end":{"line":1,"column":20565}}]},"127":{"type":"branch","loc":{"start":{"line":1,"column":20586},"end":{"line":1,"column":20840}},"locations":[{"start":{"line":1,"column":20586},"end":{"line":1,"column":20840}}]},"128":{"type":"branch","loc":{"start":{"line":1,"column":20859},"end":{"line":1,"column":20887}},"locations":[{"start":{"line":1,"column":20859},"end":{"line":1,"column":20887}}]},"129":{"type":"branch","loc":{"start":{"line":1,"column":21214},"end":{"line":1,"column":21293}},"locations":[{"start":{"line":1,"column":21214},"end":{"line":1,"column":21293}}]},"130":{"type":"branch","loc":{"start":{"line":1,"column":21546},"end":{"line":1,"column":21778}},"locations":[{"start":{"line":1,"column":21546},"end":{"line":1,"column":21778}}]},"131":{"type":"branch","loc":{"start":{"line":1,"column":21779},"end":{"line":1,"column":21840}},"locations":[{"start":{"line":1,"column":21779},"end":{"line":1,"column":21840}}]},"132":{"type":"branch","loc":{"start":{"line":1,"column":21932},"end":{"line":1,"column":21994}},"locations":[{"start":{"line":1,"column":21932},"end":{"line":1,"column":21994}}]},"133":{"type":"branch","loc":{"start":{"line":1,"column":22020},"end":{"line":1,"column":22119}},"locations":[{"start":{"line":1,"column":22020},"end":{"line":1,"column":22119}}]},"134":{"type":"branch","loc":{"start":{"line":1,"column":22123},"end":{"line":1,"column":22157}},"locations":[{"start":{"line":1,"column":22123},"end":{"line":1,"column":22157}}]},"135":{"type":"branch","loc":{"start":{"line":1,"column":22178},"end":{"line":1,"column":22234}},"locations":[{"start":{"line":1,"column":22178},"end":{"line":1,"column":22234}}]},"136":{"type":"branch","loc":{"start":{"line":1,"column":22237},"end":{"line":1,"column":22300}},"locations":[{"start":{"line":1,"column":22237},"end":{"line":1,"column":22300}}]},"137":{"type":"branch","loc":{"start":{"line":1,"column":22328},"end":{"line":1,"column":22449}},"locations":[{"start":{"line":1,"column":22328},"end":{"line":1,"column":22449}}]},"138":{"type":"branch","loc":{"start":{"line":1,"column":22536},"end":{"line":1,"column":22577}},"locations":[{"start":{"line":1,"column":22536},"end":{"line":1,"column":22577}}]},"139":{"type":"branch","loc":{"start":{"line":1,"column":22702},"end":{"line":1,"column":22728}},"locations":[{"start":{"line":1,"column":22702},"end":{"line":1,"column":22728}}]},"140":{"type":"branch","loc":{"start":{"line":1,"column":22737},"end":{"line":1,"column":22786}},"locations":[{"start":{"line":1,"column":22737},"end":{"line":1,"column":22786}}]},"141":{"type":"branch","loc":{"start":{"line":1,"column":22788},"end":{"line":1,"column":22790}},"locations":[{"start":{"line":1,"column":22788},"end":{"line":1,"column":22790}}]},"142":{"type":"branch","loc":{"start":{"line":1,"column":22808},"end":{"line":1,"column":22820}},"locations":[{"start":{"line":1,"column":22808},"end":{"line":1,"column":22820}}]},"143":{"type":"branch","loc":{"start":{"line":1,"column":22873},"end":{"line":1,"column":22959}},"locations":[{"start":{"line":1,"column":22873},"end":{"line":1,"column":22959}}]},"144":{"type":"branch","loc":{"start":{"line":1,"column":23111},"end":{"line":1,"column":23137}},"locations":[{"start":{"line":1,"column":23111},"end":{"line":1,"column":23137}}]},"145":{"type":"branch","loc":{"start":{"line":1,"column":23310},"end":{"line":1,"column":23334}},"locations":[{"start":{"line":1,"column":23310},"end":{"line":1,"column":23334}}]},"146":{"type":"branch","loc":{"start":{"line":1,"column":23367},"end":{"line":1,"column":23372}},"locations":[{"start":{"line":1,"column":23367},"end":{"line":1,"column":23372}}]},"147":{"type":"branch","loc":{"start":{"line":1,"column":23421},"end":{"line":1,"column":23425}},"locations":[{"start":{"line":1,"column":23421},"end":{"line":1,"column":23425}}]},"148":{"type":"branch","loc":{"start":{"line":1,"column":24061},"end":{"line":1,"column":24236}},"locations":[{"start":{"line":1,"column":24061},"end":{"line":1,"column":24236}}]},"149":{"type":"branch","loc":{"start":{"line":1,"column":24263},"end":{"line":1,"column":24330}},"locations":[{"start":{"line":1,"column":24263},"end":{"line":1,"column":24330}}]},"150":{"type":"branch","loc":{"start":{"line":1,"column":24422},"end":{"line":1,"column":24447}},"locations":[{"start":{"line":1,"column":24422},"end":{"line":1,"column":24447}}]},"151":{"type":"branch","loc":{"start":{"line":1,"column":25228},"end":{"line":1,"column":25400}},"locations":[{"start":{"line":1,"column":25228},"end":{"line":1,"column":25400}}]},"152":{"type":"branch","loc":{"start":{"line":1,"column":25552},"end":{"line":1,"column":25566}},"locations":[{"start":{"line":1,"column":25552},"end":{"line":1,"column":25566}}]},"153":{"type":"branch","loc":{"start":{"line":1,"column":25592},"end":{"line":1,"column":25782}},"locations":[{"start":{"line":1,"column":25592},"end":{"line":1,"column":25782}}]},"154":{"type":"branch","loc":{"start":{"line":1,"column":25792},"end":{"line":1,"column":25830}},"locations":[{"start":{"line":1,"column":25792},"end":{"line":1,"column":25830}}]},"155":{"type":"branch","loc":{"start":{"line":1,"column":25869},"end":{"line":1,"column":25900}},"locations":[{"start":{"line":1,"column":25869},"end":{"line":1,"column":25900}}]},"156":{"type":"branch","loc":{"start":{"line":1,"column":26078},"end":{"line":1,"column":26139}},"locations":[{"start":{"line":1,"column":26078},"end":{"line":1,"column":26139}}]},"157":{"type":"branch","loc":{"start":{"line":1,"column":26151},"end":{"line":1,"column":26178}},"locations":[{"start":{"line":1,"column":26151},"end":{"line":1,"column":26178}}]},"158":{"type":"branch","loc":{"start":{"line":1,"column":26181},"end":{"line":1,"column":26185}},"locations":[{"start":{"line":1,"column":26181},"end":{"line":1,"column":26185}}]},"159":{"type":"branch","loc":{"start":{"line":1,"column":26188},"end":{"line":1,"column":26266}},"locations":[{"start":{"line":1,"column":26188},"end":{"line":1,"column":26266}}]},"160":{"type":"branch","loc":{"start":{"line":1,"column":26302},"end":{"line":1,"column":26318}},"locations":[{"start":{"line":1,"column":26302},"end":{"line":1,"column":26318}}]},"161":{"type":"branch","loc":{"start":{"line":1,"column":26323},"end":{"line":1,"column":26344}},"locations":[{"start":{"line":1,"column":26323},"end":{"line":1,"column":26344}}]},"162":{"type":"branch","loc":{"start":{"line":1,"column":26381},"end":{"line":1,"column":26414}},"locations":[{"start":{"line":1,"column":26381},"end":{"line":1,"column":26414}}]},"163":{"type":"branch","loc":{"start":{"line":1,"column":26557},"end":{"line":1,"column":26607}},"locations":[{"start":{"line":1,"column":26557},"end":{"line":1,"column":26607}}]},"164":{"type":"branch","loc":{"start":{"line":1,"column":26612},"end":{"line":1,"column":26809}},"locations":[{"start":{"line":1,"column":26612},"end":{"line":1,"column":26809}}]},"165":{"type":"branch","loc":{"start":{"line":1,"column":26821},"end":{"line":1,"column":26942}},"locations":[{"start":{"line":1,"column":26821},"end":{"line":1,"column":26942}}]},"166":{"type":"branch","loc":{"start":{"line":1,"column":27564},"end":{"line":1,"column":27574}},"locations":[{"start":{"line":1,"column":27564},"end":{"line":1,"column":27574}}]},"167":{"type":"branch","loc":{"start":{"line":1,"column":27678},"end":{"line":1,"column":27697}},"locations":[{"start":{"line":1,"column":27678},"end":{"line":1,"column":27697}}]},"168":{"type":"branch","loc":{"start":{"line":1,"column":27969},"end":{"line":1,"column":27994}},"locations":[{"start":{"line":1,"column":27969},"end":{"line":1,"column":27994}}]},"169":{"type":"branch","loc":{"start":{"line":1,"column":28065},"end":{"line":1,"column":28105}},"locations":[{"start":{"line":1,"column":28065},"end":{"line":1,"column":28105}}]},"170":{"type":"branch","loc":{"start":{"line":1,"column":28116},"end":{"line":1,"column":28601}},"locations":[{"start":{"line":1,"column":28116},"end":{"line":1,"column":28601}}]},"171":{"type":"branch","loc":{"start":{"line":1,"column":28610},"end":{"line":1,"column":28782}},"locations":[{"start":{"line":1,"column":28610},"end":{"line":1,"column":28782}}]},"172":{"type":"branch","loc":{"start":{"line":1,"column":28807},"end":{"line":1,"column":28941}},"locations":[{"start":{"line":1,"column":28807},"end":{"line":1,"column":28941}}]},"173":{"type":"branch","loc":{"start":{"line":1,"column":28960},"end":{"line":1,"column":29094}},"locations":[{"start":{"line":1,"column":28960},"end":{"line":1,"column":29094}}]},"174":{"type":"branch","loc":{"start":{"line":1,"column":29119},"end":{"line":1,"column":29140}},"locations":[{"start":{"line":1,"column":29119},"end":{"line":1,"column":29140}}]},"175":{"type":"branch","loc":{"start":{"line":1,"column":29320},"end":{"line":1,"column":29340}},"locations":[{"start":{"line":1,"column":29320},"end":{"line":1,"column":29340}}]},"176":{"type":"branch","loc":{"start":{"line":1,"column":29413},"end":{"line":1,"column":29442}},"locations":[{"start":{"line":1,"column":29413},"end":{"line":1,"column":29442}}]},"177":{"type":"branch","loc":{"start":{"line":1,"column":29577},"end":{"line":1,"column":29675}},"locations":[{"start":{"line":1,"column":29577},"end":{"line":1,"column":29675}}]},"178":{"type":"branch","loc":{"start":{"line":1,"column":29702},"end":{"line":1,"column":29725}},"locations":[{"start":{"line":1,"column":29702},"end":{"line":1,"column":29725}}]},"179":{"type":"branch","loc":{"start":{"line":1,"column":29954},"end":{"line":1,"column":29981}},"locations":[{"start":{"line":1,"column":29954},"end":{"line":1,"column":29981}}]},"180":{"type":"branch","loc":{"start":{"line":1,"column":30009},"end":{"line":1,"column":30106}},"locations":[{"start":{"line":1,"column":30009},"end":{"line":1,"column":30106}}]},"181":{"type":"branch","loc":{"start":{"line":1,"column":30448},"end":{"line":1,"column":30570}},"locations":[{"start":{"line":1,"column":30448},"end":{"line":1,"column":30570}}]},"182":{"type":"branch","loc":{"start":{"line":1,"column":30588},"end":{"line":1,"column":30608}},"locations":[{"start":{"line":1,"column":30588},"end":{"line":1,"column":30608}}]},"183":{"type":"branch","loc":{"start":{"line":1,"column":30609},"end":{"line":1,"column":30638}},"locations":[{"start":{"line":1,"column":30609},"end":{"line":1,"column":30638}}]},"184":{"type":"branch","loc":{"start":{"line":1,"column":30668},"end":{"line":1,"column":30682}},"locations":[{"start":{"line":1,"column":30668},"end":{"line":1,"column":30682}}]},"185":{"type":"branch","loc":{"start":{"line":1,"column":30790},"end":{"line":1,"column":30798}},"locations":[{"start":{"line":1,"column":30790},"end":{"line":1,"column":30798}}]},"186":{"type":"branch","loc":{"start":{"line":1,"column":30799},"end":{"line":1,"column":30821}},"locations":[{"start":{"line":1,"column":30799},"end":{"line":1,"column":30821}}]},"187":{"type":"branch","loc":{"start":{"line":1,"column":30851},"end":{"line":1,"column":30856}},"locations":[{"start":{"line":1,"column":30851},"end":{"line":1,"column":30856}}]},"188":{"type":"branch","loc":{"start":{"line":1,"column":30862},"end":{"line":1,"column":30986}},"locations":[{"start":{"line":1,"column":30862},"end":{"line":1,"column":30986}}]},"189":{"type":"branch","loc":{"start":{"line":1,"column":31009},"end":{"line":1,"column":31873}},"locations":[{"start":{"line":1,"column":31009},"end":{"line":1,"column":31873}}]},"190":{"type":"branch","loc":{"start":{"line":1,"column":31893},"end":{"line":1,"column":31994}},"locations":[{"start":{"line":1,"column":31893},"end":{"line":1,"column":31994}}]},"191":{"type":"branch","loc":{"start":{"line":1,"column":32003},"end":{"line":1,"column":32361}},"locations":[{"start":{"line":1,"column":32003},"end":{"line":1,"column":32361}}]},"192":{"type":"branch","loc":{"start":{"line":1,"column":32392},"end":{"line":1,"column":32601}},"locations":[{"start":{"line":1,"column":32392},"end":{"line":1,"column":32601}}]},"193":{"type":"branch","loc":{"start":{"line":1,"column":32741},"end":{"line":1,"column":32788}},"locations":[{"start":{"line":1,"column":32741},"end":{"line":1,"column":32788}}]},"194":{"type":"branch","loc":{"start":{"line":1,"column":32843},"end":{"line":1,"column":33247}},"locations":[{"start":{"line":1,"column":32843},"end":{"line":1,"column":33247}}]},"195":{"type":"branch","loc":{"start":{"line":1,"column":33268},"end":{"line":1,"column":33435}},"locations":[{"start":{"line":1,"column":33268},"end":{"line":1,"column":33435}}]},"196":{"type":"branch","loc":{"start":{"line":1,"column":33446},"end":{"line":1,"column":33496}},"locations":[{"start":{"line":1,"column":33446},"end":{"line":1,"column":33496}}]},"197":{"type":"branch","loc":{"start":{"line":1,"column":33500},"end":{"line":1,"column":33517}},"locations":[{"start":{"line":1,"column":33500},"end":{"line":1,"column":33517}}]},"198":{"type":"branch","loc":{"start":{"line":1,"column":33521},"end":{"line":1,"column":33598}},"locations":[{"start":{"line":1,"column":33521},"end":{"line":1,"column":33598}}]},"199":{"type":"branch","loc":{"start":{"line":1,"column":33649},"end":{"line":1,"column":33657}},"locations":[{"start":{"line":1,"column":33649},"end":{"line":1,"column":33657}}]},"200":{"type":"branch","loc":{"start":{"line":1,"column":33666},"end":{"line":1,"column":33731}},"locations":[{"start":{"line":1,"column":33666},"end":{"line":1,"column":33731}}]},"201":{"type":"branch","loc":{"start":{"line":1,"column":33876},"end":{"line":1,"column":33902}},"locations":[{"start":{"line":1,"column":33876},"end":{"line":1,"column":33902}}]},"202":{"type":"branch","loc":{"start":{"line":1,"column":33998},"end":{"line":1,"column":34023}},"locations":[{"start":{"line":1,"column":33998},"end":{"line":1,"column":34023}}]},"203":{"type":"branch","loc":{"start":{"line":1,"column":34164},"end":{"line":1,"column":34186}},"locations":[{"start":{"line":1,"column":34164},"end":{"line":1,"column":34186}}]},"204":{"type":"branch","loc":{"start":{"line":1,"column":34336},"end":{"line":1,"column":34360}},"locations":[{"start":{"line":1,"column":34336},"end":{"line":1,"column":34360}}]},"205":{"type":"branch","loc":{"start":{"line":1,"column":34400},"end":{"line":1,"column":34426}},"locations":[{"start":{"line":1,"column":34400},"end":{"line":1,"column":34426}}]},"206":{"type":"branch","loc":{"start":{"line":1,"column":34530},"end":{"line":1,"column":34547}},"locations":[{"start":{"line":1,"column":34530},"end":{"line":1,"column":34547}}]},"207":{"type":"branch","loc":{"start":{"line":1,"column":34680},"end":{"line":1,"column":34707}},"locations":[{"start":{"line":1,"column":34680},"end":{"line":1,"column":34707}}]},"208":{"type":"branch","loc":{"start":{"line":1,"column":34802},"end":{"line":1,"column":34828}},"locations":[{"start":{"line":1,"column":34802},"end":{"line":1,"column":34828}}]},"209":{"type":"branch","loc":{"start":{"line":1,"column":34881},"end":{"line":1,"column":34910}},"locations":[{"start":{"line":1,"column":34881},"end":{"line":1,"column":34910}}]},"210":{"type":"branch","loc":{"start":{"line":1,"column":34972},"end":{"line":1,"column":35010}},"locations":[{"start":{"line":1,"column":34972},"end":{"line":1,"column":35010}}]},"211":{"type":"branch","loc":{"start":{"line":1,"column":35037},"end":{"line":1,"column":35098}},"locations":[{"start":{"line":1,"column":35037},"end":{"line":1,"column":35098}}]},"212":{"type":"branch","loc":{"start":{"line":1,"column":35199},"end":{"line":1,"column":35236}},"locations":[{"start":{"line":1,"column":35199},"end":{"line":1,"column":35236}}]},"213":{"type":"branch","loc":{"start":{"line":1,"column":35301},"end":{"line":1,"column":35321}},"locations":[{"start":{"line":1,"column":35301},"end":{"line":1,"column":35321}}]},"214":{"type":"branch","loc":{"start":{"line":1,"column":35452},"end":{"line":1,"column":35824}},"locations":[{"start":{"line":1,"column":35452},"end":{"line":1,"column":35824}}]},"215":{"type":"branch","loc":{"start":{"line":1,"column":35837},"end":{"line":1,"column":35945}},"locations":[{"start":{"line":1,"column":35837},"end":{"line":1,"column":35945}}]},"216":{"type":"branch","loc":{"start":{"line":1,"column":35989},"end":{"line":1,"column":36235}},"locations":[{"start":{"line":1,"column":35989},"end":{"line":1,"column":36235}}]},"217":{"type":"branch","loc":{"start":{"line":1,"column":36367},"end":{"line":1,"column":36592}},"locations":[{"start":{"line":1,"column":36367},"end":{"line":1,"column":36592}}]},"218":{"type":"branch","loc":{"start":{"line":1,"column":36661},"end":{"line":1,"column":36836}},"locations":[{"start":{"line":1,"column":36661},"end":{"line":1,"column":36836}}]},"219":{"type":"branch","loc":{"start":{"line":1,"column":37109},"end":{"line":1,"column":37310}},"locations":[{"start":{"line":1,"column":37109},"end":{"line":1,"column":37310}}]},"220":{"type":"branch","loc":{"start":{"line":1,"column":37387},"end":{"line":1,"column":37532}},"locations":[{"start":{"line":1,"column":37387},"end":{"line":1,"column":37532}}]},"221":{"type":"branch","loc":{"start":{"line":1,"column":37534},"end":{"line":1,"column":37610}},"locations":[{"start":{"line":1,"column":37534},"end":{"line":1,"column":37610}}]},"222":{"type":"branch","loc":{"start":{"line":1,"column":37616},"end":{"line":1,"column":37680}},"locations":[{"start":{"line":1,"column":37616},"end":{"line":1,"column":37680}}]},"223":{"type":"branch","loc":{"start":{"line":1,"column":37688},"end":{"line":1,"column":37729}},"locations":[{"start":{"line":1,"column":37688},"end":{"line":1,"column":37729}}]},"224":{"type":"branch","loc":{"start":{"line":1,"column":37731},"end":{"line":1,"column":37812}},"locations":[{"start":{"line":1,"column":37731},"end":{"line":1,"column":37812}}]},"225":{"type":"branch","loc":{"start":{"line":1,"column":37863},"end":{"line":1,"column":38364}},"locations":[{"start":{"line":1,"column":37863},"end":{"line":1,"column":38364}}]},"226":{"type":"branch","loc":{"start":{"line":1,"column":38390},"end":{"line":1,"column":38468}},"locations":[{"start":{"line":1,"column":38390},"end":{"line":1,"column":38468}}]},"227":{"type":"branch","loc":{"start":{"line":1,"column":38509},"end":{"line":1,"column":38778}},"locations":[{"start":{"line":1,"column":38509},"end":{"line":1,"column":38778}}]},"228":{"type":"branch","loc":{"start":{"line":1,"column":38803},"end":{"line":1,"column":38882}},"locations":[{"start":{"line":1,"column":38803},"end":{"line":1,"column":38882}}]},"229":{"type":"branch","loc":{"start":{"line":1,"column":38918},"end":{"line":1,"column":40271}},"locations":[{"start":{"line":1,"column":38918},"end":{"line":1,"column":40271}}]},"230":{"type":"branch","loc":{"start":{"line":1,"column":40345},"end":{"line":1,"column":40371}},"locations":[{"start":{"line":1,"column":40345},"end":{"line":1,"column":40371}}]},"231":{"type":"branch","loc":{"start":{"line":1,"column":40430},"end":{"line":1,"column":40456}},"locations":[{"start":{"line":1,"column":40430},"end":{"line":1,"column":40456}}]},"232":{"type":"branch","loc":{"start":{"line":1,"column":40514},"end":{"line":1,"column":40573}},"locations":[{"start":{"line":1,"column":40514},"end":{"line":1,"column":40573}}]},"233":{"type":"branch","loc":{"start":{"line":1,"column":40577},"end":{"line":1,"column":40593}},"locations":[{"start":{"line":1,"column":40577},"end":{"line":1,"column":40593}}]},"234":{"type":"branch","loc":{"start":{"line":1,"column":40613},"end":{"line":1,"column":40715}},"locations":[{"start":{"line":1,"column":40613},"end":{"line":1,"column":40715}}]},"235":{"type":"branch","loc":{"start":{"line":1,"column":40932},"end":{"line":1,"column":40979}},"locations":[{"start":{"line":1,"column":40932},"end":{"line":1,"column":40979}}]},"236":{"type":"branch","loc":{"start":{"line":1,"column":41207},"end":{"line":1,"column":41227}},"locations":[{"start":{"line":1,"column":41207},"end":{"line":1,"column":41227}}]},"237":{"type":"branch","loc":{"start":{"line":1,"column":41585},"end":{"line":1,"column":41789}},"locations":[{"start":{"line":1,"column":41585},"end":{"line":1,"column":41789}}]},"238":{"type":"branch","loc":{"start":{"line":1,"column":42089},"end":{"line":1,"column":42242}},"locations":[{"start":{"line":1,"column":42089},"end":{"line":1,"column":42242}}]},"239":{"type":"branch","loc":{"start":{"line":1,"column":42283},"end":{"line":1,"column":42324}},"locations":[{"start":{"line":1,"column":42283},"end":{"line":1,"column":42324}}]},"240":{"type":"branch","loc":{"start":{"line":1,"column":42392},"end":{"line":1,"column":43413}},"locations":[{"start":{"line":1,"column":42392},"end":{"line":1,"column":43413}}]},"241":{"type":"branch","loc":{"start":{"line":1,"column":43477},"end":{"line":1,"column":43485}},"locations":[{"start":{"line":1,"column":43477},"end":{"line":1,"column":43485}}]},"242":{"type":"branch","loc":{"start":{"line":1,"column":43592},"end":{"line":1,"column":45800}},"locations":[{"start":{"line":1,"column":43592},"end":{"line":1,"column":45800}}]},"243":{"type":"branch","loc":{"start":{"line":1,"column":45866},"end":{"line":1,"column":45958}},"locations":[{"start":{"line":1,"column":45866},"end":{"line":1,"column":45958}}]},"244":{"type":"branch","loc":{"start":{"line":1,"column":45988},"end":{"line":1,"column":46057}},"locations":[{"start":{"line":1,"column":45988},"end":{"line":1,"column":46057}}]},"245":{"type":"branch","loc":{"start":{"line":1,"column":46149},"end":{"line":1,"column":46229}},"locations":[{"start":{"line":1,"column":46149},"end":{"line":1,"column":46229}}]},"246":{"type":"branch","loc":{"start":{"line":1,"column":46344},"end":{"line":1,"column":46350}},"locations":[{"start":{"line":1,"column":46344},"end":{"line":1,"column":46350}}]},"247":{"type":"branch","loc":{"start":{"line":1,"column":46883},"end":{"line":1,"column":46948}},"locations":[{"start":{"line":1,"column":46883},"end":{"line":1,"column":46948}}]},"248":{"type":"branch","loc":{"start":{"line":1,"column":47090},"end":{"line":1,"column":47097}},"locations":[{"start":{"line":1,"column":47090},"end":{"line":1,"column":47097}}]},"249":{"type":"branch","loc":{"start":{"line":1,"column":47567},"end":{"line":1,"column":47570}},"locations":[{"start":{"line":1,"column":47567},"end":{"line":1,"column":47570}}]},"250":{"type":"branch","loc":{"start":{"line":1,"column":47614},"end":{"line":1,"column":47617}},"locations":[{"start":{"line":1,"column":47614},"end":{"line":1,"column":47617}}]},"251":{"type":"branch","loc":{"start":{"line":1,"column":47684},"end":{"line":1,"column":47687}},"locations":[{"start":{"line":1,"column":47684},"end":{"line":1,"column":47687}}]},"252":{"type":"branch","loc":{"start":{"line":1,"column":47736},"end":{"line":1,"column":47739}},"locations":[{"start":{"line":1,"column":47736},"end":{"line":1,"column":47739}}]},"253":{"type":"branch","loc":{"start":{"line":1,"column":47800},"end":{"line":1,"column":47803}},"locations":[{"start":{"line":1,"column":47800},"end":{"line":1,"column":47803}}]},"254":{"type":"branch","loc":{"start":{"line":1,"column":47956},"end":{"line":1,"column":47972}},"locations":[{"start":{"line":1,"column":47956},"end":{"line":1,"column":47972}}]},"255":{"type":"branch","loc":{"start":{"line":1,"column":48120},"end":{"line":1,"column":48196}},"locations":[{"start":{"line":1,"column":48120},"end":{"line":1,"column":48196}}]},"256":{"type":"branch","loc":{"start":{"line":1,"column":48201},"end":{"line":1,"column":48235}},"locations":[{"start":{"line":1,"column":48201},"end":{"line":1,"column":48235}}]},"257":{"type":"branch","loc":{"start":{"line":1,"column":48268},"end":{"line":1,"column":48302}},"locations":[{"start":{"line":1,"column":48268},"end":{"line":1,"column":48302}}]},"258":{"type":"branch","loc":{"start":{"line":1,"column":48335},"end":{"line":1,"column":48362}},"locations":[{"start":{"line":1,"column":48335},"end":{"line":1,"column":48362}}]},"259":{"type":"branch","loc":{"start":{"line":1,"column":48365},"end":{"line":1,"column":48380}},"locations":[{"start":{"line":1,"column":48365},"end":{"line":1,"column":48380}}]},"260":{"type":"branch","loc":{"start":{"line":1,"column":48383},"end":{"line":1,"column":48399}},"locations":[{"start":{"line":1,"column":48383},"end":{"line":1,"column":48399}}]},"261":{"type":"branch","loc":{"start":{"line":1,"column":48622},"end":{"line":1,"column":48660}},"locations":[{"start":{"line":1,"column":48622},"end":{"line":1,"column":48660}}]},"262":{"type":"branch","loc":{"start":{"line":1,"column":48817},"end":{"line":1,"column":48825}},"locations":[{"start":{"line":1,"column":48817},"end":{"line":1,"column":48825}}]},"263":{"type":"branch","loc":{"start":{"line":1,"column":48836},"end":{"line":1,"column":48838}},"locations":[{"start":{"line":1,"column":48836},"end":{"line":1,"column":48838}}]},"264":{"type":"branch","loc":{"start":{"line":1,"column":48937},"end":{"line":1,"column":48948}},"locations":[{"start":{"line":1,"column":48937},"end":{"line":1,"column":48948}}]},"265":{"type":"branch","loc":{"start":{"line":1,"column":48966},"end":{"line":1,"column":48972}},"locations":[{"start":{"line":1,"column":48966},"end":{"line":1,"column":48972}}]},"266":{"type":"branch","loc":{"start":{"line":1,"column":49090},"end":{"line":1,"column":49137}},"locations":[{"start":{"line":1,"column":49090},"end":{"line":1,"column":49137}}]},"267":{"type":"branch","loc":{"start":{"line":1,"column":49248},"end":{"line":1,"column":49269}},"locations":[{"start":{"line":1,"column":49248},"end":{"line":1,"column":49269}}]},"268":{"type":"branch","loc":{"start":{"line":1,"column":49504},"end":{"line":1,"column":49543}},"locations":[{"start":{"line":1,"column":49504},"end":{"line":1,"column":49543}}]},"269":{"type":"branch","loc":{"start":{"line":1,"column":49583},"end":{"line":1,"column":49601}},"locations":[{"start":{"line":1,"column":49583},"end":{"line":1,"column":49601}}]},"270":{"type":"branch","loc":{"start":{"line":1,"column":49655},"end":{"line":1,"column":49673}},"locations":[{"start":{"line":1,"column":49655},"end":{"line":1,"column":49673}}]},"271":{"type":"branch","loc":{"start":{"line":1,"column":49801},"end":{"line":1,"column":49957}},"locations":[{"start":{"line":1,"column":49801},"end":{"line":1,"column":49957}}]},"272":{"type":"branch","loc":{"start":{"line":1,"column":49981},"end":{"line":1,"column":49985}},"locations":[{"start":{"line":1,"column":49981},"end":{"line":1,"column":49985}}]},"273":{"type":"branch","loc":{"start":{"line":1,"column":50084},"end":{"line":1,"column":50087}},"locations":[{"start":{"line":1,"column":50084},"end":{"line":1,"column":50087}}]},"274":{"type":"branch","loc":{"start":{"line":1,"column":50129},"end":{"line":1,"column":50194}},"locations":[{"start":{"line":1,"column":50129},"end":{"line":1,"column":50194}}]},"275":{"type":"branch","loc":{"start":{"line":1,"column":50336},"end":{"line":1,"column":50352}},"locations":[{"start":{"line":1,"column":50336},"end":{"line":1,"column":50352}}]},"276":{"type":"branch","loc":{"start":{"line":1,"column":50500},"end":{"line":1,"column":50549}},"locations":[{"start":{"line":1,"column":50500},"end":{"line":1,"column":50549}}]},"277":{"type":"branch","loc":{"start":{"line":1,"column":50568},"end":{"line":1,"column":50607}},"locations":[{"start":{"line":1,"column":50568},"end":{"line":1,"column":50607}}]},"278":{"type":"branch","loc":{"start":{"line":1,"column":50643},"end":{"line":1,"column":50817}},"locations":[{"start":{"line":1,"column":50643},"end":{"line":1,"column":50817}}]},"279":{"type":"branch","loc":{"start":{"line":1,"column":50909},"end":{"line":1,"column":51045}},"locations":[{"start":{"line":1,"column":50909},"end":{"line":1,"column":51045}}]},"280":{"type":"branch","loc":{"start":{"line":1,"column":51048},"end":{"line":1,"column":51087}},"locations":[{"start":{"line":1,"column":51048},"end":{"line":1,"column":51087}}]},"281":{"type":"branch","loc":{"start":{"line":1,"column":51089},"end":{"line":1,"column":51118}},"locations":[{"start":{"line":1,"column":51089},"end":{"line":1,"column":51118}}]},"282":{"type":"branch","loc":{"start":{"line":1,"column":51120},"end":{"line":1,"column":51133}},"locations":[{"start":{"line":1,"column":51120},"end":{"line":1,"column":51133}}]},"283":{"type":"branch","loc":{"start":{"line":1,"column":51150},"end":{"line":1,"column":51175}},"locations":[{"start":{"line":1,"column":51150},"end":{"line":1,"column":51175}}]},"284":{"type":"branch","loc":{"start":{"line":1,"column":51179},"end":{"line":1,"column":51258}},"locations":[{"start":{"line":1,"column":51179},"end":{"line":1,"column":51258}}]},"285":{"type":"branch","loc":{"start":{"line":1,"column":51266},"end":{"line":1,"column":51412}},"locations":[{"start":{"line":1,"column":51266},"end":{"line":1,"column":51412}}]},"286":{"type":"branch","loc":{"start":{"line":1,"column":51424},"end":{"line":1,"column":51437}},"locations":[{"start":{"line":1,"column":51424},"end":{"line":1,"column":51437}}]},"287":{"type":"branch","loc":{"start":{"line":1,"column":51494},"end":{"line":1,"column":51503}},"locations":[{"start":{"line":1,"column":51494},"end":{"line":1,"column":51503}}]},"288":{"type":"branch","loc":{"start":{"line":1,"column":51579},"end":{"line":1,"column":51582}},"locations":[{"start":{"line":1,"column":51579},"end":{"line":1,"column":51582}}]},"289":{"type":"branch","loc":{"start":{"line":1,"column":51694},"end":{"line":1,"column":51697}},"locations":[{"start":{"line":1,"column":51694},"end":{"line":1,"column":51697}}]},"290":{"type":"branch","loc":{"start":{"line":1,"column":51718},"end":{"line":1,"column":51726}},"locations":[{"start":{"line":1,"column":51718},"end":{"line":1,"column":51726}}]},"291":{"type":"branch","loc":{"start":{"line":1,"column":51833},"end":{"line":1,"column":51836}},"locations":[{"start":{"line":1,"column":51833},"end":{"line":1,"column":51836}}]},"292":{"type":"branch","loc":{"start":{"line":1,"column":51960},"end":{"line":1,"column":51982}},"locations":[{"start":{"line":1,"column":51960},"end":{"line":1,"column":51982}}]},"293":{"type":"branch","loc":{"start":{"line":1,"column":52008},"end":{"line":1,"column":52011}},"locations":[{"start":{"line":1,"column":52008},"end":{"line":1,"column":52011}}]},"294":{"type":"branch","loc":{"start":{"line":1,"column":52031},"end":{"line":1,"column":52086}},"locations":[{"start":{"line":1,"column":52031},"end":{"line":1,"column":52086}}]},"295":{"type":"branch","loc":{"start":{"line":1,"column":52112},"end":{"line":1,"column":52119}},"locations":[{"start":{"line":1,"column":52112},"end":{"line":1,"column":52119}}]},"296":{"type":"branch","loc":{"start":{"line":1,"column":52173},"end":{"line":1,"column":52241}},"locations":[{"start":{"line":1,"column":52173},"end":{"line":1,"column":52241}}]},"297":{"type":"branch","loc":{"start":{"line":1,"column":52907},"end":{"line":1,"column":52916}},"locations":[{"start":{"line":1,"column":52907},"end":{"line":1,"column":52916}}]},"298":{"type":"branch","loc":{"start":{"line":1,"column":53582},"end":{"line":1,"column":53595}},"locations":[{"start":{"line":1,"column":53582},"end":{"line":1,"column":53595}}]},"299":{"type":"branch","loc":{"start":{"line":1,"column":53619},"end":{"line":1,"column":53630}},"locations":[{"start":{"line":1,"column":53619},"end":{"line":1,"column":53630}}]},"300":{"type":"branch","loc":{"start":{"line":1,"column":53653},"end":{"line":1,"column":53660}},"locations":[{"start":{"line":1,"column":53653},"end":{"line":1,"column":53660}}]},"301":{"type":"branch","loc":{"start":{"line":1,"column":53811},"end":{"line":1,"column":53869}},"locations":[{"start":{"line":1,"column":53811},"end":{"line":1,"column":53869}}]},"302":{"type":"branch","loc":{"start":{"line":1,"column":53890},"end":{"line":1,"column":53982}},"locations":[{"start":{"line":1,"column":53890},"end":{"line":1,"column":53982}}]},"303":{"type":"branch","loc":{"start":{"line":1,"column":54124},"end":{"line":1,"column":54141}},"locations":[{"start":{"line":1,"column":54124},"end":{"line":1,"column":54141}}]},"304":{"type":"branch","loc":{"start":{"line":1,"column":54289},"end":{"line":1,"column":54292}},"locations":[{"start":{"line":1,"column":54289},"end":{"line":1,"column":54292}}]},"305":{"type":"branch","loc":{"start":{"line":1,"column":54341},"end":{"line":1,"column":54344}},"locations":[{"start":{"line":1,"column":54341},"end":{"line":1,"column":54344}}]},"306":{"type":"branch","loc":{"start":{"line":1,"column":56200},"end":{"line":1,"column":56243}},"locations":[{"start":{"line":1,"column":56200},"end":{"line":1,"column":56243}}]},"307":{"type":"branch","loc":{"start":{"line":1,"column":56263},"end":{"line":1,"column":56275}},"locations":[{"start":{"line":1,"column":56263},"end":{"line":1,"column":56275}}]},"308":{"type":"branch","loc":{"start":{"line":1,"column":56295},"end":{"line":1,"column":56307}},"locations":[{"start":{"line":1,"column":56295},"end":{"line":1,"column":56307}}]},"309":{"type":"branch","loc":{"start":{"line":1,"column":56327},"end":{"line":1,"column":56339}},"locations":[{"start":{"line":1,"column":56327},"end":{"line":1,"column":56339}}]},"310":{"type":"branch","loc":{"start":{"line":1,"column":56359},"end":{"line":1,"column":56490}},"locations":[{"start":{"line":1,"column":56359},"end":{"line":1,"column":56490}}]},"311":{"type":"branch","loc":{"start":{"line":1,"column":56593},"end":{"line":1,"column":56667}},"locations":[{"start":{"line":1,"column":56593},"end":{"line":1,"column":56667}}]},"312":{"type":"branch","loc":{"start":{"line":1,"column":56676},"end":{"line":1,"column":56855}},"locations":[{"start":{"line":1,"column":56676},"end":{"line":1,"column":56855}}]},"313":{"type":"branch","loc":{"start":{"line":1,"column":56908},"end":{"line":1,"column":56931}},"locations":[{"start":{"line":1,"column":56908},"end":{"line":1,"column":56931}}]},"314":{"type":"branch","loc":{"start":{"line":1,"column":57002},"end":{"line":1,"column":57021}},"locations":[{"start":{"line":1,"column":57002},"end":{"line":1,"column":57021}}]},"315":{"type":"branch","loc":{"start":{"line":1,"column":57159},"end":{"line":1,"column":57169}},"locations":[{"start":{"line":1,"column":57159},"end":{"line":1,"column":57169}}]},"316":{"type":"branch","loc":{"start":{"line":1,"column":57207},"end":{"line":1,"column":57217}},"locations":[{"start":{"line":1,"column":57207},"end":{"line":1,"column":57217}}]},"317":{"type":"branch","loc":{"start":{"line":1,"column":57255},"end":{"line":1,"column":57279}},"locations":[{"start":{"line":1,"column":57255},"end":{"line":1,"column":57279}}]},"318":{"type":"branch","loc":{"start":{"line":1,"column":57320},"end":{"line":1,"column":57328}},"locations":[{"start":{"line":1,"column":57320},"end":{"line":1,"column":57328}}]},"319":{"type":"branch","loc":{"start":{"line":1,"column":57374},"end":{"line":1,"column":57382}},"locations":[{"start":{"line":1,"column":57374},"end":{"line":1,"column":57382}}]},"320":{"type":"branch","loc":{"start":{"line":1,"column":57428},"end":{"line":1,"column":57436}},"locations":[{"start":{"line":1,"column":57428},"end":{"line":1,"column":57436}}]},"321":{"type":"branch","loc":{"start":{"line":1,"column":57482},"end":{"line":1,"column":57505}},"locations":[{"start":{"line":1,"column":57482},"end":{"line":1,"column":57505}}]},"322":{"type":"branch","loc":{"start":{"line":1,"column":57540},"end":{"line":1,"column":57559}},"locations":[{"start":{"line":1,"column":57540},"end":{"line":1,"column":57559}}]},"323":{"type":"branch","loc":{"start":{"line":1,"column":57644},"end":{"line":1,"column":57888}},"locations":[{"start":{"line":1,"column":57644},"end":{"line":1,"column":57888}}]},"324":{"type":"branch","loc":{"start":{"line":1,"column":57924},"end":{"line":1,"column":58096}},"locations":[{"start":{"line":1,"column":57924},"end":{"line":1,"column":58096}}]},"325":{"type":"branch","loc":{"start":{"line":1,"column":58155},"end":{"line":1,"column":58620}},"locations":[{"start":{"line":1,"column":58155},"end":{"line":1,"column":58620}}]},"326":{"type":"branch","loc":{"start":{"line":1,"column":58629},"end":{"line":1,"column":58831}},"locations":[{"start":{"line":1,"column":58629},"end":{"line":1,"column":58831}}]},"327":{"type":"branch","loc":{"start":{"line":1,"column":59032},"end":{"line":1,"column":59146}},"locations":[{"start":{"line":1,"column":59032},"end":{"line":1,"column":59146}}]},"328":{"type":"branch","loc":{"start":{"line":1,"column":59205},"end":{"line":1,"column":59221}},"locations":[{"start":{"line":1,"column":59205},"end":{"line":1,"column":59221}}]},"329":{"type":"branch","loc":{"start":{"line":1,"column":59222},"end":{"line":1,"column":59247}},"locations":[{"start":{"line":1,"column":59222},"end":{"line":1,"column":59247}}]},"330":{"type":"branch","loc":{"start":{"line":1,"column":59305},"end":{"line":1,"column":59383}},"locations":[{"start":{"line":1,"column":59305},"end":{"line":1,"column":59383}}]},"331":{"type":"branch","loc":{"start":{"line":1,"column":59599},"end":{"line":1,"column":59647}},"locations":[{"start":{"line":1,"column":59599},"end":{"line":1,"column":59647}}]},"332":{"type":"branch","loc":{"start":{"line":1,"column":59706},"end":{"line":1,"column":59711}},"locations":[{"start":{"line":1,"column":59706},"end":{"line":1,"column":59711}}]},"333":{"type":"branch","loc":{"start":{"line":1,"column":60046},"end":{"line":1,"column":60076}},"locations":[{"start":{"line":1,"column":60046},"end":{"line":1,"column":60076}}]},"334":{"type":"branch","loc":{"start":{"line":1,"column":60321},"end":{"line":1,"column":60345}},"locations":[{"start":{"line":1,"column":60321},"end":{"line":1,"column":60345}}]},"335":{"type":"branch","loc":{"start":{"line":1,"column":60436},"end":{"line":1,"column":60467}},"locations":[{"start":{"line":1,"column":60436},"end":{"line":1,"column":60467}}]},"336":{"type":"branch","loc":{"start":{"line":1,"column":60569},"end":{"line":1,"column":60574}},"locations":[{"start":{"line":1,"column":60569},"end":{"line":1,"column":60574}}]},"337":{"type":"branch","loc":{"start":{"line":1,"column":60628},"end":{"line":1,"column":60790}},"locations":[{"start":{"line":1,"column":60628},"end":{"line":1,"column":60790}}]},"338":{"type":"branch","loc":{"start":{"line":1,"column":60913},"end":{"line":1,"column":60921}},"locations":[{"start":{"line":1,"column":60913},"end":{"line":1,"column":60921}}]},"339":{"type":"branch","loc":{"start":{"line":1,"column":61166},"end":{"line":1,"column":61169}},"locations":[{"start":{"line":1,"column":61166},"end":{"line":1,"column":61169}}]},"340":{"type":"branch","loc":{"start":{"line":1,"column":61452},"end":{"line":1,"column":61701}},"locations":[{"start":{"line":1,"column":61452},"end":{"line":1,"column":61701}}]},"341":{"type":"branch","loc":{"start":{"line":1,"column":62004},"end":{"line":1,"column":62070}},"locations":[{"start":{"line":1,"column":62004},"end":{"line":1,"column":62070}}]},"342":{"type":"branch","loc":{"start":{"line":1,"column":62486},"end":{"line":1,"column":62493}},"locations":[{"start":{"line":1,"column":62486},"end":{"line":1,"column":62493}}]},"343":{"type":"branch","loc":{"start":{"line":1,"column":62506},"end":{"line":1,"column":62551}},"locations":[{"start":{"line":1,"column":62506},"end":{"line":1,"column":62551}}]},"344":{"type":"branch","loc":{"start":{"line":1,"column":62559},"end":{"line":1,"column":62657}},"locations":[{"start":{"line":1,"column":62559},"end":{"line":1,"column":62657}}]},"345":{"type":"branch","loc":{"start":{"line":1,"column":62690},"end":{"line":1,"column":62718}},"locations":[{"start":{"line":1,"column":62690},"end":{"line":1,"column":62718}}]},"346":{"type":"branch","loc":{"start":{"line":1,"column":62720},"end":{"line":1,"column":62745}},"locations":[{"start":{"line":1,"column":62720},"end":{"line":1,"column":62745}}]},"347":{"type":"branch","loc":{"start":{"line":1,"column":62790},"end":{"line":1,"column":62832}},"locations":[{"start":{"line":1,"column":62790},"end":{"line":1,"column":62832}}]},"348":{"type":"branch","loc":{"start":{"line":1,"column":62846},"end":{"line":1,"column":62879}},"locations":[{"start":{"line":1,"column":62846},"end":{"line":1,"column":62879}}]},"349":{"type":"branch","loc":{"start":{"line":1,"column":63089},"end":{"line":1,"column":63427}},"locations":[{"start":{"line":1,"column":63089},"end":{"line":1,"column":63427}}]},"350":{"type":"branch","loc":{"start":{"line":1,"column":63449},"end":{"line":1,"column":63704}},"locations":[{"start":{"line":1,"column":63449},"end":{"line":1,"column":63704}}]},"351":{"type":"branch","loc":{"start":{"line":1,"column":63853},"end":{"line":1,"column":63886}},"locations":[{"start":{"line":1,"column":63853},"end":{"line":1,"column":63886}}]},"352":{"type":"branch","loc":{"start":{"line":1,"column":63930},"end":{"line":1,"column":64058}},"locations":[{"start":{"line":1,"column":63930},"end":{"line":1,"column":64058}}]},"353":{"type":"branch","loc":{"start":{"line":1,"column":64061},"end":{"line":1,"column":64454}},"locations":[{"start":{"line":1,"column":64061},"end":{"line":1,"column":64454}}]},"354":{"type":"branch","loc":{"start":{"line":1,"column":64461},"end":{"line":1,"column":64498}},"locations":[{"start":{"line":1,"column":64461},"end":{"line":1,"column":64498}}]},"355":{"type":"branch","loc":{"start":{"line":1,"column":64513},"end":{"line":1,"column":64689}},"locations":[{"start":{"line":1,"column":64513},"end":{"line":1,"column":64689}}]},"356":{"type":"branch","loc":{"start":{"line":1,"column":64736},"end":{"line":1,"column":64789}},"locations":[{"start":{"line":1,"column":64736},"end":{"line":1,"column":64789}}]},"357":{"type":"branch","loc":{"start":{"line":1,"column":64825},"end":{"line":1,"column":64937}},"locations":[{"start":{"line":1,"column":64825},"end":{"line":1,"column":64937}}]},"358":{"type":"branch","loc":{"start":{"line":1,"column":65072},"end":{"line":1,"column":65178}},"locations":[{"start":{"line":1,"column":65072},"end":{"line":1,"column":65178}}]},"359":{"type":"branch","loc":{"start":{"line":1,"column":65311},"end":{"line":1,"column":65369}},"locations":[{"start":{"line":1,"column":65311},"end":{"line":1,"column":65369}}]},"360":{"type":"branch","loc":{"start":{"line":1,"column":65436},"end":{"line":1,"column":65470}},"locations":[{"start":{"line":1,"column":65436},"end":{"line":1,"column":65470}}]},"361":{"type":"branch","loc":{"start":{"line":1,"column":65496},"end":{"line":1,"column":65503}},"locations":[{"start":{"line":1,"column":65496},"end":{"line":1,"column":65503}}]},"362":{"type":"branch","loc":{"start":{"line":1,"column":65583},"end":{"line":1,"column":65595}},"locations":[{"start":{"line":1,"column":65583},"end":{"line":1,"column":65595}}]},"363":{"type":"branch","loc":{"start":{"line":1,"column":66133},"end":{"line":1,"column":66150}},"locations":[{"start":{"line":1,"column":66133},"end":{"line":1,"column":66150}}]},"364":{"type":"branch","loc":{"start":{"line":1,"column":66201},"end":{"line":1,"column":66211}},"locations":[{"start":{"line":1,"column":66201},"end":{"line":1,"column":66211}}]},"365":{"type":"branch","loc":{"start":{"line":1,"column":66282},"end":{"line":1,"column":66391}},"locations":[{"start":{"line":1,"column":66282},"end":{"line":1,"column":66391}}]},"366":{"type":"branch","loc":{"start":{"line":1,"column":66489},"end":{"line":1,"column":66646}},"locations":[{"start":{"line":1,"column":66489},"end":{"line":1,"column":66646}}]},"367":{"type":"branch","loc":{"start":{"line":1,"column":66760},"end":{"line":1,"column":66879}},"locations":[{"start":{"line":1,"column":66760},"end":{"line":1,"column":66879}}]},"368":{"type":"branch","loc":{"start":{"line":1,"column":67001},"end":{"line":1,"column":67077}},"locations":[{"start":{"line":1,"column":67001},"end":{"line":1,"column":67077}}]},"369":{"type":"branch","loc":{"start":{"line":1,"column":67116},"end":{"line":1,"column":67201}},"locations":[{"start":{"line":1,"column":67116},"end":{"line":1,"column":67201}}]},"370":{"type":"branch","loc":{"start":{"line":1,"column":67213},"end":{"line":1,"column":67233}},"locations":[{"start":{"line":1,"column":67213},"end":{"line":1,"column":67233}}]},"371":{"type":"branch","loc":{"start":{"line":1,"column":67381},"end":{"line":1,"column":67439}},"locations":[{"start":{"line":1,"column":67381},"end":{"line":1,"column":67439}}]},"372":{"type":"branch","loc":{"start":{"line":1,"column":67473},"end":{"line":1,"column":67780}},"locations":[{"start":{"line":1,"column":67473},"end":{"line":1,"column":67780}}]},"373":{"type":"branch","loc":{"start":{"line":1,"column":68042},"end":{"line":1,"column":68095}},"locations":[{"start":{"line":1,"column":68042},"end":{"line":1,"column":68095}}]},"374":{"type":"branch","loc":{"start":{"line":1,"column":68115},"end":{"line":1,"column":68127}},"locations":[{"start":{"line":1,"column":68115},"end":{"line":1,"column":68127}}]},"375":{"type":"branch","loc":{"start":{"line":1,"column":68147},"end":{"line":1,"column":68159}},"locations":[{"start":{"line":1,"column":68147},"end":{"line":1,"column":68159}}]},"376":{"type":"branch","loc":{"start":{"line":1,"column":68179},"end":{"line":1,"column":68191}},"locations":[{"start":{"line":1,"column":68179},"end":{"line":1,"column":68191}}]},"377":{"type":"branch","loc":{"start":{"line":1,"column":68211},"end":{"line":1,"column":68223}},"locations":[{"start":{"line":1,"column":68211},"end":{"line":1,"column":68223}}]},"378":{"type":"branch","loc":{"start":{"line":1,"column":68243},"end":{"line":1,"column":68255}},"locations":[{"start":{"line":1,"column":68243},"end":{"line":1,"column":68255}}]},"379":{"type":"branch","loc":{"start":{"line":1,"column":68275},"end":{"line":1,"column":68287}},"locations":[{"start":{"line":1,"column":68275},"end":{"line":1,"column":68287}}]},"380":{"type":"branch","loc":{"start":{"line":1,"column":68307},"end":{"line":1,"column":68340}},"locations":[{"start":{"line":1,"column":68307},"end":{"line":1,"column":68340}}]},"381":{"type":"branch","loc":{"start":{"line":1,"column":68366},"end":{"line":1,"column":68369}},"locations":[{"start":{"line":1,"column":68366},"end":{"line":1,"column":68369}}]},"382":{"type":"branch","loc":{"start":{"line":1,"column":68428},"end":{"line":1,"column":68431}},"locations":[{"start":{"line":1,"column":68428},"end":{"line":1,"column":68431}}]},"383":{"type":"branch","loc":{"start":{"line":1,"column":68493},"end":{"line":1,"column":68496}},"locations":[{"start":{"line":1,"column":68493},"end":{"line":1,"column":68496}}]},"384":{"type":"branch","loc":{"start":{"line":1,"column":68700},"end":{"line":1,"column":68703}},"locations":[{"start":{"line":1,"column":68700},"end":{"line":1,"column":68703}}]},"385":{"type":"branch","loc":{"start":{"line":1,"column":68764},"end":{"line":1,"column":68767}},"locations":[{"start":{"line":1,"column":68764},"end":{"line":1,"column":68767}}]},"386":{"type":"branch","loc":{"start":{"line":1,"column":68801},"end":{"line":1,"column":68804}},"locations":[{"start":{"line":1,"column":68801},"end":{"line":1,"column":68804}}]},"387":{"type":"branch","loc":{"start":{"line":1,"column":69077},"end":{"line":1,"column":69282}},"locations":[{"start":{"line":1,"column":69077},"end":{"line":1,"column":69282}}]},"388":{"type":"branch","loc":{"start":{"line":1,"column":69365},"end":{"line":1,"column":69383}},"locations":[{"start":{"line":1,"column":69365},"end":{"line":1,"column":69383}}]},"389":{"type":"branch","loc":{"start":{"line":1,"column":69476},"end":{"line":1,"column":69497}},"locations":[{"start":{"line":1,"column":69476},"end":{"line":1,"column":69497}}]},"390":{"type":"branch","loc":{"start":{"line":1,"column":69592},"end":{"line":1,"column":69611}},"locations":[{"start":{"line":1,"column":69592},"end":{"line":1,"column":69611}}]},"391":{"type":"branch","loc":{"start":{"line":1,"column":69755},"end":{"line":1,"column":69976}},"locations":[{"start":{"line":1,"column":69755},"end":{"line":1,"column":69976}}]},"392":{"type":"branch","loc":{"start":{"line":1,"column":70049},"end":{"line":1,"column":70070}},"locations":[{"start":{"line":1,"column":70049},"end":{"line":1,"column":70070}}]},"393":{"type":"branch","loc":{"start":{"line":1,"column":70079},"end":{"line":1,"column":70331}},"locations":[{"start":{"line":1,"column":70079},"end":{"line":1,"column":70331}}]},"394":{"type":"branch","loc":{"start":{"line":1,"column":70340},"end":{"line":1,"column":70362}},"locations":[{"start":{"line":1,"column":70340},"end":{"line":1,"column":70362}}]},"395":{"type":"branch","loc":{"start":{"line":1,"column":70380},"end":{"line":1,"column":70456}},"locations":[{"start":{"line":1,"column":70380},"end":{"line":1,"column":70456}}]},"396":{"type":"branch","loc":{"start":{"line":1,"column":70530},"end":{"line":1,"column":70699}},"locations":[{"start":{"line":1,"column":70530},"end":{"line":1,"column":70699}}]},"397":{"type":"branch","loc":{"start":{"line":1,"column":70944},"end":{"line":1,"column":71029}},"locations":[{"start":{"line":1,"column":70944},"end":{"line":1,"column":71029}}]},"398":{"type":"branch","loc":{"start":{"line":1,"column":71041},"end":{"line":1,"column":71052}},"locations":[{"start":{"line":1,"column":71041},"end":{"line":1,"column":71052}}]},"399":{"type":"branch","loc":{"start":{"line":1,"column":71260},"end":{"line":1,"column":71301}},"locations":[{"start":{"line":1,"column":71260},"end":{"line":1,"column":71301}}]},"400":{"type":"branch","loc":{"start":{"line":1,"column":71329},"end":{"line":1,"column":71355}},"locations":[{"start":{"line":1,"column":71329},"end":{"line":1,"column":71355}}]},"401":{"type":"branch","loc":{"start":{"line":1,"column":71447},"end":{"line":1,"column":71537}},"locations":[{"start":{"line":1,"column":71447},"end":{"line":1,"column":71537}}]},"402":{"type":"branch","loc":{"start":{"line":1,"column":71544},"end":{"line":1,"column":71640}},"locations":[{"start":{"line":1,"column":71544},"end":{"line":1,"column":71640}}]},"403":{"type":"branch","loc":{"start":{"line":1,"column":71729},"end":{"line":1,"column":71755}},"locations":[{"start":{"line":1,"column":71729},"end":{"line":1,"column":71755}}]},"404":{"type":"branch","loc":{"start":{"line":1,"column":71776},"end":{"line":1,"column":71900}},"locations":[{"start":{"line":1,"column":71776},"end":{"line":1,"column":71900}}]},"405":{"type":"branch","loc":{"start":{"line":1,"column":71909},"end":{"line":1,"column":72065}},"locations":[{"start":{"line":1,"column":71909},"end":{"line":1,"column":72065}}]},"406":{"type":"branch","loc":{"start":{"line":1,"column":72095},"end":{"line":1,"column":72186}},"locations":[{"start":{"line":1,"column":72095},"end":{"line":1,"column":72186}}]},"407":{"type":"branch","loc":{"start":{"line":1,"column":72312},"end":{"line":1,"column":72318}},"locations":[{"start":{"line":1,"column":72312},"end":{"line":1,"column":72318}}]},"408":{"type":"branch","loc":{"start":{"line":1,"column":72614},"end":{"line":1,"column":72644}},"locations":[{"start":{"line":1,"column":72614},"end":{"line":1,"column":72644}}]},"409":{"type":"branch","loc":{"start":{"line":1,"column":72665},"end":{"line":1,"column":72738}},"locations":[{"start":{"line":1,"column":72665},"end":{"line":1,"column":72738}}]},"410":{"type":"branch","loc":{"start":{"line":1,"column":72833},"end":{"line":1,"column":72892}},"locations":[{"start":{"line":1,"column":72833},"end":{"line":1,"column":72892}}]},"411":{"type":"branch","loc":{"start":{"line":1,"column":74399},"end":{"line":1,"column":74525}},"locations":[{"start":{"line":1,"column":74399},"end":{"line":1,"column":74525}}]},"412":{"type":"branch","loc":{"start":{"line":1,"column":74643},"end":{"line":1,"column":74664}},"locations":[{"start":{"line":1,"column":74643},"end":{"line":1,"column":74664}}]},"413":{"type":"branch","loc":{"start":{"line":1,"column":75144},"end":{"line":1,"column":75166}},"locations":[{"start":{"line":1,"column":75144},"end":{"line":1,"column":75166}}]},"414":{"type":"branch","loc":{"start":{"line":1,"column":75238},"end":{"line":1,"column":75262}},"locations":[{"start":{"line":1,"column":75238},"end":{"line":1,"column":75262}}]},"415":{"type":"branch","loc":{"start":{"line":1,"column":75302},"end":{"line":1,"column":75312}},"locations":[{"start":{"line":1,"column":75302},"end":{"line":1,"column":75312}}]},"416":{"type":"branch","loc":{"start":{"line":1,"column":75907},"end":{"line":1,"column":75978}},"locations":[{"start":{"line":1,"column":75907},"end":{"line":1,"column":75978}}]},"417":{"type":"branch","loc":{"start":{"line":1,"column":75991},"end":{"line":1,"column":76069}},"locations":[{"start":{"line":1,"column":75991},"end":{"line":1,"column":76069}}]},"418":{"type":"branch","loc":{"start":{"line":1,"column":76089},"end":{"line":1,"column":76169}},"locations":[{"start":{"line":1,"column":76089},"end":{"line":1,"column":76169}}]},"419":{"type":"branch","loc":{"start":{"line":1,"column":76213},"end":{"line":1,"column":76375}},"locations":[{"start":{"line":1,"column":76213},"end":{"line":1,"column":76375}}]},"420":{"type":"branch","loc":{"start":{"line":1,"column":76636},"end":{"line":1,"column":76671}},"locations":[{"start":{"line":1,"column":76636},"end":{"line":1,"column":76671}}]},"421":{"type":"branch","loc":{"start":{"line":1,"column":76764},"end":{"line":1,"column":76783}},"locations":[{"start":{"line":1,"column":76764},"end":{"line":1,"column":76783}}]},"422":{"type":"branch","loc":{"start":{"line":1,"column":76826},"end":{"line":1,"column":76829}},"locations":[{"start":{"line":1,"column":76826},"end":{"line":1,"column":76829}}]},"423":{"type":"branch","loc":{"start":{"line":1,"column":76969},"end":{"line":1,"column":77057}},"locations":[{"start":{"line":1,"column":76969},"end":{"line":1,"column":77057}}]},"424":{"type":"branch","loc":{"start":{"line":1,"column":78754},"end":{"line":1,"column":78801}},"locations":[{"start":{"line":1,"column":78754},"end":{"line":1,"column":78801}}]},"425":{"type":"branch","loc":{"start":{"line":1,"column":79209},"end":{"line":1,"column":79243}},"locations":[{"start":{"line":1,"column":79209},"end":{"line":1,"column":79243}}]},"426":{"type":"branch","loc":{"start":{"line":1,"column":79283},"end":{"line":1,"column":79303}},"locations":[{"start":{"line":1,"column":79283},"end":{"line":1,"column":79303}}]},"427":{"type":"branch","loc":{"start":{"line":1,"column":79578},"end":{"line":1,"column":79704}},"locations":[{"start":{"line":1,"column":79578},"end":{"line":1,"column":79704}}]},"428":{"type":"branch","loc":{"start":{"line":1,"column":79847},"end":{"line":1,"column":79882}},"locations":[{"start":{"line":1,"column":79847},"end":{"line":1,"column":7
[...]
ne":1,"column":43806},"end":{"line":1,"column":43876}}]},"73":{"type":"branch","loc":{"start":{"line":1,"column":43920},"end":{"line":1,"column":43942}},"locations":[{"start":{"line":1,"column":43920},"end":{"line":1,"column":43942}}]},"74":{"type":"branch","loc":{"start":{"line":1,"column":44384},"end":{"line":1,"column":44425}},"locations":[{"start":{"line":1,"column":44384},"end":{"line":1,"column":44425}}]},"75":{"type":"branch","loc":{"start":{"line":1,"column":45001},"end":{"line":1,"column":45169}},"locations":[{"start":{"line":1,"column":45001},"end":{"line":1,"column":45169}}]},"76":{"type":"branch","loc":{"start":{"line":1,"column":45286},"end":{"line":1,"column":45580}},"locations":[{"start":{"line":1,"column":45286},"end":{"line":1,"column":45580}}]},"77":{"type":"branch","loc":{"start":{"line":1,"column":45796},"end":{"line":1,"column":45806}},"locations":[{"start":{"line":1,"column":45796},"end":{"line":1,"column":45806}}]},"78":{"type":"branch","loc":{"start":{"line":1,"column":45851},"end":{"line":1,"column":46008}},"locations":[{"start":{"line":1,"column":45851},"end":{"line":1,"column":46008}}]},"79":{"type":"branch","loc":{"start":{"line":1,"column":46027},"end":{"line":1,"column":46228}},"locations":[{"start":{"line":1,"column":46027},"end":{"line":1,"column":46228}}]},"80":{"type":"branch","loc":{"start":{"line":1,"column":46258},"end":{"line":1,"column":46345}},"locations":[{"start":{"line":1,"column":46258},"end":{"line":1,"column":46345}}]},"81":{"type":"branch","loc":{"start":{"line":1,"column":46370},"end":{"line":1,"column":46504}},"locations":[{"start":{"line":1,"column":46370},"end":{"line":1,"column":46504}}]},"82":{"type":"branch","loc":{"start":{"line":1,"column":46533},"end":{"line":1,"column":46633}},"locations":[{"start":{"line":1,"column":46533},"end":{"line":1,"column":46633}}]},"83":{"type":"branch","loc":{"start":{"line":1,"column":46665},"end":{"line":1,"column":46766}},"locations":[{"start":{"line":1,"column":46665},"end":{"line":1,"column":46766}}]},"84":{"type":"branch","loc":{"start":{"line":1,"column":46799},"end":{"line":1,"column":46885}},"locations":[{"start":{"line":1,"column":46799},"end":{"line":1,"column":46885}}]},"85":{"type":"branch","loc":{"start":{"line":1,"column":46991},"end":{"line":1,"column":47075}},"locations":[{"start":{"line":1,"column":46991},"end":{"line":1,"column":47075}}]},"86":{"type":"branch","loc":{"start":{"line":1,"column":47128},"end":{"line":1,"column":47132}},"locations":[{"start":{"line":1,"column":47128},"end":{"line":1,"column":47132}}]},"87":{"type":"branch","loc":{"start":{"line":1,"column":47186},"end":{"line":1,"column":47190}},"locations":[{"start":{"line":1,"column":47186},"end":{"line":1,"column":47190}}]},"88":{"type":"branch","loc":{"start":{"line":1,"column":47241},"end":{"line":1,"column":47245}},"locations":[{"start":{"line":1,"column":47241},"end":{"line":1,"column":47245}}]},"89":{"type":"branch","loc":{"start":{"line":1,"column":47297},"end":{"line":1,"column":47323}},"locations":[{"start":{"line":1,"column":47297},"end":{"line":1,"column":47323}}]},"90":{"type":"branch","loc":{"start":{"line":1,"column":48494},"end":{"line":1,"column":48568}},"locations":[{"start":{"line":1,"column":48494},"end":{"line":1,"column":48568}}]},"91":{"type":"branch","loc":{"start":{"line":1,"column":48860},"end":{"line":1,"column":48882}},"locations":[{"start":{"line":1,"column":48860},"end":{"line":1,"column":48882}}]},"92":{"type":"branch","loc":{"start":{"line":1,"column":53013},"end":{"line":1,"column":53057}},"locations":[{"start":{"line":1,"column":53013},"end":{"line":1,"column":53057}}]},"93":{"type":"branch","loc":{"start":{"line":1,"column":54570},"end":{"line":1,"column":54644}},"locations":[{"start":{"line":1,"column":54570},"end":{"line":1,"column":54644}}]},"94":{"type":"branch","loc":{"start":{"line":1,"column":55148},"end":{"line":1,"column":55170}},"locations":[{"start":{"line":1,"column":55148},"end":{"line":1,"column":55170}}]},"95":{"type":"branch","loc":{"start":{"line":1,"column":62885},"end":{"line":1,"column":62920}},"locations":[{"start":{"line":1,"column":62885},"end":{"line":1,"column":62920}}]},"96":{"type":"branch","loc":{"start":{"line":1,"column":63493},"end":{"line":1,"column":63567}},"locations":[{"start":{"line":1,"column":63493},"end":{"line":1,"column":63567}}]},"97":{"type":"branch","loc":{"start":{"line":1,"column":63779},"end":{"line":1,"column":63801}},"locations":[{"start":{"line":1,"column":63779},"end":{"line":1,"column":63801}}]},"98":{"type":"branch","loc":{"start":{"line":1,"column":66610},"end":{"line":1,"column":66645}},"locations":[{"start":{"line":1,"column":66610},"end":{"line":1,"column":66645}}]},"99":{"type":"branch","loc":{"start":{"line":1,"column":67271},"end":{"line":1,"column":67345}},"locations":[{"start":{"line":1,"column":67271},"end":{"line":1,"column":67345}}]},"100":{"type":"branch","loc":{"start":{"line":1,"column":67511},"end":{"line":1,"column":67533}},"locations":[{"start":{"line":1,"column":67511},"end":{"line":1,"column":67533}}]},"101":{"type":"branch","loc":{"start":{"line":1,"column":69964},"end":{"line":1,"column":70019}},"locations":[{"start":{"line":1,"column":69964},"end":{"line":1,"column":70019}}]},"102":{"type":"branch","loc":{"start":{"line":1,"column":70298},"end":{"line":1,"column":70372}},"locations":[{"start":{"line":1,"column":70298},"end":{"line":1,"column":70372}}]},"103":{"type":"branch","loc":{"start":{"line":1,"column":70496},"end":{"line":1,"column":70518}},"locations":[{"start":{"line":1,"column":70496},"end":{"line":1,"column":70518}}]},"104":{"type":"branch","loc":{"start":{"line":1,"column":71784},"end":{"line":1,"column":71827}},"locations":[{"start":{"line":1,"column":71784},"end":{"line":1,"column":71827}}]},"105":{"type":"branch","loc":{"start":{"line":1,"column":71922},"end":{"line":1,"column":71992}},"locations":[{"start":{"line":1,"column":71922},"end":{"line":1,"column":71992}}]},"106":{"type":"branch","loc":{"start":{"line":1,"column":72024},"end":{"line":1,"column":72046}},"locations":[{"start":{"line":1,"column":72024},"end":{"line":1,"column":72046}}]},"107":{"type":"branch","loc":{"start":{"line":1,"column":73122},"end":{"line":1,"column":73168}},"locations":[{"start":{"line":1,"column":73122},"end":{"line":1,"column":73168}}]},"108":{"type":"branch","loc":{"start":{"line":1,"column":73292},"end":{"line":1,"column":73306}},"locations":[{"start":{"line":1,"column":73292},"end":{"line":1,"column":73306}}]},"109":{"type":"branch","loc":{"start":{"line":1,"column":73825},"end":{"line":1,"column":73840}},"locations":[{"start":{"line":1,"column":73825},"end":{"line":1,"column":73840}}]},"110":{"type":"branch","loc":{"start":{"line":1,"column":74389},"end":{"line":1,"column":74459}},"locations":[{"start":{"line":1,"column":74389},"end":{"line":1,"column":74459}}]},"111":{"type":"branch","loc":{"start":{"line":1,"column":75027},"end":{"line":1,"column":75086}},"locations":[{"start":{"line":1,"column":75027},"end":{"line":1,"column":75086}}]},"112":{"type":"branch","loc":{"start":{"line":1,"column":76364},"end":{"line":1,"column":76496}},"locations":[{"start":{"line":1,"column":76364},"end":{"line":1,"column":76496}}]},"113":{"type":"branch","loc":{"start":{"line":1,"column":77384},"end":{"line":1,"column":77454}},"locations":[{"start":{"line":1,"column":77384},"end":{"line":1,"column":77454}}]},"114":{"type":"branch","loc":{"start":{"line":1,"column":77512},"end":{"line":1,"column":77534}},"locations":[{"start":{"line":1,"column":77512},"end":{"line":1,"column":77534}}]},"115":{"type":"branch","loc":{"start":{"line":1,"column":78487},"end":{"line":1,"column":78529}},"locations":[{"start":{"line":1,"column":78487},"end":{"line":1,"column":78529}}]},"116":{"type":"branch","loc":{"start":{"line":1,"column":78616},"end":{"line":1,"column":78627}},"locations":[{"start":{"line":1,"column":78616},"end":{"line":1,"column":78627}}]},"117":{"type":"branch","loc":{"start":{"line":1,"column":79204},"end":{"line":1,"column":79218}},"locations":[{"start":{"line":1,"column":79204},"end":{"line":1,"column":79218}}]},"118":{"type":"branch","loc":{"start":{"line":1,"column":79314},"end":{"line":1,"column":79331}},"locations":[{"start":{"line":1,"column":79314},"end":{"line":1,"column":79331}}]},"119":{"type":"branch","loc":{"start":{"line":1,"column":79412},"end":{"line":1,"column":79434}},"locations":[{"start":{"line":1,"column":79412},"end":{"line":1,"column":79434}}]},"120":{"type":"branch","loc":{"start":{"line":1,"column":79486},"end":{"line":1,"column":79498}},"locations":[{"start":{"line":1,"column":79486},"end":{"line":1,"column":79498}}]},"121":{"type":"branch","loc":{"start":{"line":1,"column":79557},"end":{"line":1,"column":79562}},"locations":[{"start":{"line":1,"column":79557},"end":{"line":1,"column":79562}}]},"122":{"type":"branch","loc":{"start":{"line":1,"column":79610},"end":{"line":1,"column":79626}},"locations":[{"start":{"line":1,"column":79610},"end":{"line":1,"column":79626}}]},"123":{"type":"branch","loc":{"start":{"line":1,"column":80014},"end":{"line":1,"column":80073}},"locations":[{"start":{"line":1,"column":80014},"end":{"line":1,"column":80073}}]},"124":{"type":"branch","loc":{"start":{"line":1,"column":81240},"end":{"line":1,"column":81281}},"locations":[{"start":{"line":1,"column":81240},"end":{"line":1,"column":81281}}]},"125":{"type":"branch","loc":{"start":{"line":1,"column":81323},"end":{"line":1,"column":81348}},"locations":[{"start":{"line":1,"column":81323},"end":{"line":1,"column":81348}}]},"126":{"type":"branch","loc":{"start":{"line":1,"column":81649},"end":{"line":1,"column":81696}},"locations":[{"start":{"line":1,"column":81649},"end":{"line":1,"column":81696}}]},"127":{"type":"branch","loc":{"start":{"line":1,"column":82235},"end":{"line":1,"column":82294}},"locations":[{"start":{"line":1,"column":82235},"end":{"line":1,"column":82294}}]},"128":{"type":"branch","loc":{"start":{"line":1,"column":83142},"end":{"line":1,"column":83183}},"locations":[{"start":{"line":1,"column":83142},"end":{"line":1,"column":83183}}]},"129":{"type":"branch","loc":{"start":{"line":1,"column":83764},"end":{"line":1,"column":83793}},"locations":[{"start":{"line":1,"column":83764},"end":{"line":1,"column":83793}}]},"130":{"type":"branch","loc":{"start":{"line":1,"column":84858},"end":{"line":1,"column":84917}},"locations":[{"start":{"line":1,"column":84858},"end":{"line":1,"column":84917}}]},"131":{"type":"branch","loc":{"start":{"line":1,"column":86443},"end":{"line":1,"column":86487}},"locations":[{"start":{"line":1,"column":86443},"end":{"line":1,"column":86487}}]},"132":{"type":"branch","loc":{"start":{"line":1,"column":88448},"end":{"line":1,"column":88526}},"locations":[{"start":{"line":1,"column":88448},"end":{"line":1,"column":88526}}]},"133":{"type":"branch","loc":{"start":{"line":1,"column":88660},"end":{"line":1,"column":88682}},"locations":[{"start":{"line":1,"column":88660},"end":{"line":1,"column":88682}}]},"134":{"type":"branch","loc":{"start":{"line":1,"column":98431},"end":{"line":1,"column":98579}},"locations":[{"start":{"line":1,"column":98431},"end":{"line":1,"column":98579}}]},"135":{"type":"branch","loc":{"start":{"line":1,"column":99472},"end":{"line":1,"column":99638}},"locations":[{"start":{"line":1,"column":99472},"end":{"line":1,"column":99638}}]},"136":{"type":"branch","loc":{"start":{"line":1,"column":99658},"end":{"line":1,"column":99791}},"locations":[{"start":{"line":1,"column":99658},"end":{"line":1,"column":99791}}]},"137":{"type":"branch","loc":{"start":{"line":1,"column":99811},"end":{"line":1,"column":99862}},"locations":[{"start":{"line":1,"column":99811},"end":{"line":1,"column":99862}}]},"138":{"type":"branch","loc":{"start":{"line":1,"column":99882},"end":{"line":1,"column":100079}},"locations":[{"start":{"line":1,"column":99882},"end":{"line":1,"column":100079}}]},"139":{"type":"branch","loc":{"start":{"line":1,"column":100099},"end":{"line":1,"column":100125}},"locations":[{"start":{"line":1,"column":100099},"end":{"line":1,"column":100125}}]},"140":{"type":"branch","loc":{"start":{"line":1,"column":100194},"end":{"line":1,"column":100273}},"locations":[{"start":{"line":1,"column":100194},"end":{"line":1,"column":100273}}]},"141":{"type":"branch","loc":{"start":{"line":1,"column":100327},"end":{"line":1,"column":100344}},"locations":[{"start":{"line":1,"column":100327},"end":{"line":1,"column":100344}}]},"142":{"type":"branch","loc":{"start":{"line":1,"column":100439},"end":{"line":1,"column":100498}},"locations":[{"start":{"line":1,"column":100439},"end":{"line":1,"column":100498}}]},"143":{"type":"branch","loc":{"start":{"line":1,"column":101018},"end":{"line":1,"column":101074}},"locations":[{"start":{"line":1,"column":101018},"end":{"line":1,"column":101074}}]},"144":{"type":"branch","loc":{"start":{"line":1,"column":101588},"end":{"line":1,"column":101696}},"locations":[{"start":{"line":1,"column":101588},"end":{"line":1,"column":101696}}]},"145":{"type":"branch","loc":{"start":{"line":1,"column":101888},"end":{"line":1,"column":101898}},"locations":[{"start":{"line":1,"column":101888},"end":{"line":1,"column":101898}}]},"146":{"type":"branch","loc":{"start":{"line":1,"column":101940},"end":{"line":1,"column":101965}},"locations":[{"start":{"line":1,"column":101940},"end":{"line":1,"column":101965}}]},"147":{"type":"branch","loc":{"start":{"line":1,"column":102013},"end":{"line":1,"column":102066}},"locations":[{"start":{"line":1,"column":102013},"end":{"line":1,"column":102066}}]},"148":{"type":"branch","loc":{"start":{"line":1,"column":102161},"end":{"line":1,"column":102231}},"locations":[{"start":{"line":1,"column":102161},"end":{"line":1,"column":102231}}]},"149":{"type":"branch","loc":{"start":{"line":1,"column":102266},"end":{"line":1,"column":102301}},"locations":[{"start":{"line":1,"column":102266},"end":{"line":1,"column":102301}}]},"150":{"type":"branch","loc":{"start":{"line":1,"column":102431},"end":{"line":1,"column":102463}},"locations":[{"start":{"line":1,"column":102431},"end":{"line":1,"column":102463}}]},"151":{"type":"branch","loc":{"start":{"line":1,"column":102630},"end":{"line":1,"column":102652}},"locations":[{"start":{"line":1,"column":102630},"end":{"line":1,"column":102652}}]},"152":{"type":"branch","loc":{"start":{"line":1,"column":102773},"end":{"line":1,"column":102818}},"locations":[{"start":{"line":1,"column":102773},"end":{"line":1,"column":102818}}]},"153":{"type":"branch","loc":{"start":{"line":1,"column":103415},"end":{"line":1,"column":103432}},"locations":[{"start":{"line":1,"column":103415},"end":{"line":1,"column":103432}}]},"154":{"type":"branch","loc":{"start":{"line":1,"column":103617},"end":{"line":1,"column":103660}},"locations":[{"start":{"line":1,"column":103617},"end":{"line":1,"column":103660}}]},"155":{"type":"branch","loc":{"start":{"line":1,"column":105163},"end":{"line":1,"column":105173}},"locations":[{"start":{"line":1,"column":105163},"end":{"line":1,"column":105173}}]},"156":{"type":"branch","loc":{"start":{"line":1,"column":105215},"end":{"line":1,"column":107195}},"locations":[{"start":{"line":1,"column":105215},"end":{"line":1,"column":107195}}]},"157":{"type":"branch","loc":{"start":{"line":1,"column":107271},"end":{"line":1,"column":107622}},"locations":[{"start":{"line":1,"column":107271},"end":{"line":1,"column":107622}}]},"158":{"type":"branch","loc":{"start":{"line":1,"column":107642},"end":{"line":1,"column":108421}},"locations":[{"start":{"line":1,"column":107642},"end":{"line":1,"column":108421}}]},"159":{"type":"branch","loc":{"start":{"line":1,"column":108428},"end":{"line":1,"column":108444}},"locations":[{"start":{"line":1,"column":108428},"end":{"line":1,"column":108444}}]},"160":{"type":"branch","loc":{"start":{"line":1,"column":108645},"end":{"line":1,"column":108661}},"locations":[{"start":{"line":1,"column":108645},"end":{"line":1,"column":108661}}]},"161":{"type":"branch","loc":{"start":{"line":1,"column":108662},"end":{"line":1,"column":108813}},"locations":[{"start":{"line":1,"column":108662},"end":{"line":1,"column":108813}}]},"162":{"type":"branch","loc":{"start":{"line":1,"column":108820},"end":{"line":1,"column":108836}},"locations":[{"start":{"line":1,"column":108820},"end":{"line":1,"column":108836}}]},"163":{"type":"branch","loc":{"start":{"line":1,"column":109134},"end":{"line":1,"column":109150}},"locations":[{"start":{"line":1,"column":109134},"end":{"line":1,"column":109150}}]},"164":{"type":"branch","loc":{"start":{"line":1,"column":109151},"end":{"line":1,"column":109304}},"locations":[{"start":{"line":1,"column":109151},"end":{"line":1,"column":109304}}]},"165":{"type":"branch","loc":{"start":{"line":1,"column":109311},"end":{"line":1,"column":109327}},"locations":[{"start":{"line":1,"column":109311},"end":{"line":1,"column":109327}}]},"166":{"type":"branch","loc":{"start":{"line":1,"column":109531},"end":{"line":1,"column":109547}},"locations":[{"start":{"line":1,"column":109531},"end":{"line":1,"column":109547}}]},"167":{"type":"branch","loc":{"start":{"line":1,"column":109548},"end":{"line":1,"column":109819}},"locations":[{"start":{"line":1,"column":109548},"end":{"line":1,"column":109819}}]},"168":{"type":"branch","loc":{"start":{"line":1,"column":109826},"end":{"line":1,"column":109842}},"locations":[{"start":{"line":1,"column":109826},"end":{"line":1,"column":109842}}]},"169":{"type":"branch","loc":{"start":{"line":1,"column":111987},"end":{"line":1,"column":112003}},"locations":[{"start":{"line":1,"column":111987},"end":{"line":1,"column":112003}}]},"170":{"type":"branch","loc":{"start":{"line":1,"column":112004},"end":{"line":1,"column":112477}},"locations":[{"start":{"line":1,"column":112004},"end":{"line":1,"column":112477}}]},"171":{"type":"branch","loc":{"start":{"line":1,"column":112695},"end":{"line":1,"column":113026}},"locations":[{"start":{"line":1,"column":112695},"end":{"line":1,"column":113026}}]},"172":{"type":"branch","loc":{"start":{"line":1,"column":113033},"end":{"line":1,"column":113118}},"locations":[{"start":{"line":1,"column":113033},"end":{"line":1,"column":113118}}]},"173":{"type":"branch","loc":{"start":{"line":1,"column":113561},"end":{"line":2,"column":47}},"locations":[{"start":{"line":1,"column":113561},"end":{"line":2,"column":47}}]}},"b":{"0":[1],"1":[1],"2":[1],"3":[1],"4":[1],"5":[1],"6":[1],"7":[1],"8":[1],"9":[1],"10":[1],"11":[1],"12":[1],"13":[1],"14":[1],"15":[1],"16":[1],"17":[1],"18":[1],"19":[1],"20":[1],"21":[1],"22":[1],"23":[1],"24":[1],"25":[1],"26":[1],"27":[1],"28":[1],"29":[1],"30":[1],"31":[1],"32":[1],"33":[1],"34":[1],"35":[1],"36":[1],"37":[1],"38":[1],"39":[1],"40":[1],"41":[1],"42":[1],"43":[1],"44":[1],"45":[1],"46":[1],"47":[1],"48":[1],"49":[1],"50":[1],"51":[1],"52":[1],"53":[1],"54":[1],"55":[1],"56":[1],"57":[1],"58":[1],"59":[1],"60":[1],"61":[1],"62":[1],"63":[1],"64":[1],"65":[1],"66":[1],"67":[1],"68":[1],"69":[1],"70":[1],"71":[1],"72":[1],"73":[1],"74":[1],"75":[1],"76":[1],"77":[1],"78":[1],"79":[1],"80":[1],"81":[1],"82":[1],"83":[1],"84":[1],"85":[1],"86":[1],"87":[1],"88":[1],"89":[1],"90":[1],"91":[1],"92":[1],"93":[1],"94":[1],"95":[1],"96":[1],"97":[1],"98":[1],"99":[1],"100":[1],"101":[1],"102":[1],"103":[1],"104":[1],"105":[1],"106":[1],"107":[1],"108":[1],"109":[1],"110":[1],"111":[1],"112":[1],"113":[1],"114":[1],"115":[1],"116":[1],"117":[1],"118":[1],"119":[1],"120":[1],"121":[1],"122":[1],"123":[1],"124":[1],"125":[1],"126":[1],"127":[1],"128":[1],"129":[1],"130":[1],"131":[1],"132":[1],"133":[1],"134":[1],"135":[1],"136":[1],"137":[1],"138":[1],"139":[1],"140":[1],"141":[1],"142":[1],"143":[1],"144":[1],"145":[1],"146":[1],"147":[1],"148":[1],"149":[1],"150":[1],"151":[1],"152":[1],"153":[1],"154":[1],"155":[1],"156":[1],"157":[1],"158":[1],"159":[1],"160":[1],"161":[1],"162":[1],"163":[1],"164":[1],"165":[1],"166":[1],"167":[1],"168":[1],"169":[1],"170":[1],"171":[1],"172":[1],"173":[1]},"fnMap":{},"f":{}}}